2020/09/01 17:18:25	FATAL	server/server.go:73		{"project": "test_gokit", "default": "Error 1045: Access denied for user 'db_user'@'172.18.0.1' (using password: YES)"}
github.com/xinzf/gokit/logger.(*zapLogger).Fatal
	/Users/xiangzhi/Work/Go/src/github.com/xinzf/gokit/logger/zap_logger.go:106
github.com/xinzf/gokit/server.Run
	/Users/xiangzhi/Work/Go/src/github.com/xinzf/gokit/server/server.go:73
main.main
	/Users/xiangzhi/Work/Go/src/github.com/xinzf/gokit/cmd/main.go:41
runtime.main
	/usr/local/go/src/runtime/proc.go:203
2020/09/01 17:20:14	FATAL	server/server.go:73		{"project": "test_gokit", "default": "Error 1045: Access denied for user 'db_user'@'172.18.0.1' (using password: YES)"}
github.com/xinzf/gokit/logger.(*zapLogger).Fatal
	/Users/xiangzhi/Work/Go/src/github.com/xinzf/gokit/logger/zap_logger.go:106
github.com/xinzf/gokit/server.Run
	/Users/xiangzhi/Work/Go/src/github.com/xinzf/gokit/server/server.go:73
main.main
	/Users/xiangzhi/Work/Go/src/github.com/xinzf/gokit/cmd/main.go:41
runtime.main
	/usr/local/go/src/runtime/proc.go:203
2020/09/01 17:21:03	FATAL	server/server.go:73		{"project": "test_gokit", "default": "Error 1045: Access denied for user 'db_user'@'172.18.0.1' (using password: YES)"}
github.com/xinzf/gokit/logger.(*zapLogger).Fatal
	/Users/xiangzhi/Work/Go/src/github.com/xinzf/gokit/logger/zap_logger.go:106
github.com/xinzf/gokit/server.Run
	/Users/xiangzhi/Work/Go/src/github.com/xinzf/gokit/server/server.go:73
main.main
	/Users/xiangzhi/Work/Go/src/github.com/xinzf/gokit/cmd/main.go:41
runtime.main
	/usr/local/go/src/runtime/proc.go:203
2020/09/01 17:21:42	INFO	logger/zap_logger.go:122		{"project": "test_gokit", "DB": ["info","[info] registering callback `set_created_updated` from /Users/xiangzhi/Work/Go/src/github.com/xinzf/gokit/storage/db.go:63"]}
2020/09/01 17:21:42	INFO	logger/zap_logger.go:122		{"project": "test_gokit", "DB": ["info","[info] registering callback `set_updated` from /Users/xiangzhi/Work/Go/src/github.com/xinzf/gokit/storage/db.go:71"]}
2020/09/01 17:21:42	INFO	storage/db.go:88		{"project": "test_gokit", "default": "DB inited."}
2020/09/01 17:21:42	INFO	server/server.go:93		{"project": "test_gokit", "default": "server listen: :6060"}
2020/09/01 17:21:43	INFO	storage/db.go:99		{"project": "test_gokit", "default": "ping"}
2020/09/01 17:21:44	INFO	storage/db.go:99		{"project": "test_gokit", "default": "ping"}
2020/09/01 17:21:45	INFO	storage/db.go:99		{"project": "test_gokit", "default": "ping"}
2020/09/01 17:21:46	INFO	storage/db.go:99		{"project": "test_gokit", "default": "ping"}
2020/09/01 17:21:47	INFO	server/server.go:144		{"project": "test_gokit", "default": "server stopped."}
2020/09/01 17:22:21	INFO	logger/zap_logger.go:122		{"project": "test_gokit", "DB": ["info","[info] registering callback `set_created_updated` from /Users/xiangzhi/Work/Go/src/github.com/xinzf/gokit/storage/db.go:63"]}
2020/09/01 17:22:21	INFO	logger/zap_logger.go:122		{"project": "test_gokit", "DB": ["info","[info] registering callback `set_updated` from /Users/xiangzhi/Work/Go/src/github.com/xinzf/gokit/storage/db.go:71"]}
2020/09/01 17:22:21	INFO	storage/db.go:88		{"project": "test_gokit", "default": "DB inited."}
2020/09/01 17:22:21	INFO	server/server.go:93		{"project": "test_gokit", "default": "server listen: :6060"}
2020/09/01 17:22:22	INFO	storage/db.go:99		{"project": "test_gokit", "default": "db ping"}
2020/09/01 17:22:23	INFO	storage/db.go:99		{"project": "test_gokit", "default": "db ping"}
2020/09/01 17:22:24	INFO	server/server.go:144		{"project": "test_gokit", "default": "server stopped."}
2020/09/01 17:22:45	INFO	logger/zap_logger.go:122		{"project": "test_gokit", "DB": ["info","[info] registering callback `set_created_updated` from /Users/xiangzhi/Work/Go/src/github.com/xinzf/gokit/storage/db.go:63"]}
2020/09/01 17:22:45	INFO	logger/zap_logger.go:122		{"project": "test_gokit", "DB": ["info","[info] registering callback `set_updated` from /Users/xiangzhi/Work/Go/src/github.com/xinzf/gokit/storage/db.go:71"]}
2020/09/01 17:22:45	INFO	storage/db.go:88		{"project": "test_gokit", "Mysql": "DB inited."}
2020/09/01 17:22:45	INFO	server/server.go:93		{"project": "test_gokit", "default": "server listen: :6060"}
2020/09/01 17:22:46	INFO	storage/db.go:99		{"project": "test_gokit", "default": "db ping"}
2020/09/01 17:22:47	INFO	storage/db.go:99		{"project": "test_gokit", "default": "db ping"}
2020/09/01 17:22:48	INFO	server/server.go:144		{"project": "test_gokit", "default": "server stopped."}
2020/09/01 17:23:51	INFO	logger/zap_logger.go:122		{"project": "test_gokit", "DB": ["info","[info] registering callback `set_created_updated` from /Users/xiangzhi/Work/Go/src/github.com/xinzf/gokit/storage/db.go:63"]}
2020/09/01 17:23:51	INFO	logger/zap_logger.go:122		{"project": "test_gokit", "DB": ["info","[info] registering callback `set_updated` from /Users/xiangzhi/Work/Go/src/github.com/xinzf/gokit/storage/db.go:71"]}
2020/09/01 17:23:51	INFO	storage/db.go:88		{"project": "test_gokit", "Mysql": "DB inited."}
2020/09/01 17:23:51	INFO	server/server.go:93		{"project": "test_gokit", "default": "server listen: :6060"}
2020/09/01 17:23:52	INFO	storage/db.go:99		{"project": "test_gokit", "Mysql": "db ping"}
2020/09/01 17:23:53	INFO	storage/db.go:99		{"project": "test_gokit", "Mysql": "db ping"}
2020/09/01 17:23:53	INFO	server/server.go:144		{"project": "test_gokit", "default": "server stopped."}
2020/09/01 17:24:12	INFO	logger/zap_logger.go:122		{"project": "test_gokit", "DB": ["info","[info] registering callback `set_created_updated` from /Users/xiangzhi/Work/Go/src/github.com/xinzf/gokit/storage/db.go:63"]}
2020/09/01 17:24:12	INFO	logger/zap_logger.go:122		{"project": "test_gokit", "DB": ["info","[info] registering callback `set_updated` from /Users/xiangzhi/Work/Go/src/github.com/xinzf/gokit/storage/db.go:71"]}
2020/09/01 17:24:12	INFO	storage/db.go:88		{"project": "test_gokit", "Mysql": "DB inited."}
2020/09/01 17:24:12	INFO	server/server.go:93		{"project": "test_gokit", "default": "server listen: :6060"}
2020/09/01 17:24:22	INFO	storage/db.go:99		{"project": "test_gokit", "Mysql": "db ping"}
2020/09/01 17:24:23	INFO	server/server.go:144		{"project": "test_gokit", "default": "server stopped."}
2020/09/01 17:24:26	INFO	logger/zap_logger.go:122		{"project": "test_gokit", "DB": ["info","[info] registering callback `set_created_updated` from /Users/xiangzhi/Work/Go/src/github.com/xinzf/gokit/storage/db.go:63"]}
2020/09/01 17:24:26	INFO	logger/zap_logger.go:122		{"project": "test_gokit", "DB": ["info","[info] registering callback `set_updated` from /Users/xiangzhi/Work/Go/src/github.com/xinzf/gokit/storage/db.go:71"]}
2020/09/01 17:24:26	INFO	storage/db.go:88		{"project": "test_gokit", "Mysql": "DB inited."}
2020/09/01 17:24:26	INFO	server/server.go:93		{"project": "test_gokit", "default": "server listen: :6060"}
2020/09/01 17:24:30	INFO	server/server.go:144		{"project": "test_gokit", "default": "server stopped."}
2020/09/28 11:52:07	INFO	registry/consul_watcher.go:180		{"project": "", "watcherPool": "run success"}
2020/09/28 11:52:07	INFO	registry/consul_watcher.go:95		{"project": "", "watcher": "watcher: gateway/servers start success"}
2020/09/28 11:52:33	INFO	registry/consul_watcher.go:180		{"project": "", "watcherPool": "run success"}
2020/09/28 11:52:33	INFO	registry/consul_watcher.go:95		{"project": "", "watcher": "watcher: gateway/servers start success"}
2020/09/28 11:53:00	INFO	registry/consul_watcher.go:180		{"project": "", "watcherPool": "run success"}
2020/09/28 11:53:00	INFO	registry/consul_watcher.go:95		{"project": "", "watcher": "watcher: gateway/servers start success"}
2020/09/28 11:53:17	INFO	registry/consul_watcher.go:180		{"project": "", "watcherPool": "run success"}
2020/09/28 11:53:17	INFO	registry/consul_watcher.go:95		{"project": "", "watcher": "watcher: gateway/servers start success"}
2020/09/28 11:53:28	INFO	registry/consul_watcher.go:95		{"project": "", "watcher": "watcher: gateway/servers start success"}
2020/09/28 11:53:28	INFO	registry/consul_watcher.go:180		{"project": "", "watcherPool": "run success"}
2020/09/28 11:54:02	INFO	registry/consul_watcher.go:180		{"project": "", "watcherPool": "run success"}
2020/09/28 11:54:02	INFO	registry/consul_watcher.go:95		{"project": "", "watcher": "watcher: gateway/servers start success"}
2020/09/28 11:54:57	INFO	registry/consul_watcher.go:180		{"project": "", "watcherPool": "run success"}
2020/09/28 11:54:57	INFO	registry/consul_watcher.go:95		{"project": "", "watcher": "watcher: gateway/servers start success"}
2020/09/28 11:55:40	INFO	registry/consul_watcher.go:95		{"project": "", "watcher": "watcher: gateway/servers start success"}
2020/09/28 11:55:40	INFO	registry/consul_watcher.go:180		{"project": "", "watcherPool": "run success"}
2020/09/28 11:55:51	INFO	registry/consul_watcher.go:180		{"project": "", "watcherPool": "run success"}
2020/09/28 11:55:51	INFO	registry/consul_watcher.go:95		{"project": "", "watcher": "watcher: gateway/servers start success"}
2020/09/28 13:59:31	INFO	registry/consul_watcher.go:184		{"project": "", "watcherPool": "run success"}
2020/09/28 13:59:31	INFO	registry/consul_watcher.go:95		{"project": "", "watcher": "watcher: gateway start success"}
2020/09/28 14:00:17	INFO	registry/consul_watcher.go:95		{"project": "", "watcher": "watcher: gateway start success"}
2020/09/28 14:00:17	INFO	registry/consul_watcher.go:184		{"project": "", "watcherPool": "run success"}
2020/09/28 14:08:27	INFO	registry/consul_watcher.go:184		{"project": "", "watcherPool": "run success"}
2020/09/28 14:08:27	INFO	registry/consul_watcher.go:95		{"project": "", "watcher": "watcher: gateway/servers start success"}
2020/09/28 14:27:14	INFO	registry/consul_watcher.go:184		{"project": "", "watcherPool": "run success"}
2020/09/28 14:27:14	INFO	registry/consul_watcher.go:95		{"project": "", "watcher": "watcher: gateway/servers start success"}
2020/09/28 14:27:14	INFO	registry/consul_watcher.go:95		{"project": "", "watcher": "watcher: gateway/apis start success"}
2020/10/13 10:13:57	INFO	registry/consul_watcher.go:95		{"project": "", "watcher": "watcher: gateway/servers start success"}
2020/10/13 10:13:57	INFO	registry/consul_watcher.go:95		{"project": "", "watcher": "watcher: gateway/apis start success"}
2020/10/13 10:13:57	INFO	registry/consul_watcher.go:184		{"project": "", "watcherPool": "run success"}
2020/10/13 10:23:01	INFO	registry/consul_watcher.go:185		{"project": "", "watcherPool": "run success"}
2020/10/13 10:23:01	INFO	registry/consul_watcher.go:95		{"project": "", "watcher": "watcher: gateway/ding.api.litudai.com start success"}
2020/10/13 10:23:01	DEBUG	cmd/main1.go:11		{"project": "", "default": "{\n\t\t\"id\": 1,\n\t\t\"uuid\": \"03c7c0ace395d80182db07ae2c30f034\",\n\t\t\"label\": \"案件处理系统-钉钉网关\",\n\t\t\"domain\": \"ding.api.litudai.com\",\n\t\t\"status\": true\n\t}"}
2020/10/13 10:23:01	DEBUG	cmd/main1.go:11		{"project": "", "default": "{\n \t\"id\": 1,\n \t\"uuid\": \"08c6a51dde006e64aed953b94fd68f0c\",\n \t\"label\": \"获取枚举值\",\n \t\"path\": \"paas/enums/list\",\n \t\"method\": \"GET\",\n \t\"status\": true,\n \t\"group_id\": 1,\n \t\"backends\": [\n \t\t{\n \t\t\t\"id\": 1,\n \t\t\t\"uuid\": \"f2a7e899b5af7365d70d252f3fd387dd\",\n \t\t\t\"name\": \"enums\",\n \t\t\t\"method\": \"POST\",\n \t\t\t\"query_pairs\": [],\n \t\t\t\"constant_pairs\": [],\n \t\t\t\"plugins\": [],\n \t\t\t\"index\": 0\n \t\t}\n \t],\n \t\"default_response\": {\n \t\t\"code\": 500,\n \t\t\"message\": \"Internal Server Error\",\n \t\t\"result\": {}\n \t}\n }"}
2020/10/13 10:24:26	DEBUG	registry/consul_watcher.go:152		{"project": "", "path": "gateway/ding.api.litudai.com"}
2020/10/13 10:24:26	INFO	registry/consul_watcher.go:186		{"project": "", "watcherPool": "run success"}
2020/10/13 10:24:26	INFO	registry/consul_watcher.go:95		{"project": "", "watcher": "watcher: gateway/ding.api.litudai.com start success"}
2020/10/13 10:24:26	DEBUG	cmd/main1.go:11		{"project": "", "default": "{\n\t\t\"id\": 1,\n\t\t\"uuid\": \"03c7c0ace395d80182db07ae2c30f034\",\n\t\t\"label\": \"案件处理系统-钉钉网关\",\n\t\t\"domain\": \"ding.api.litudai.com\",\n\t\t\"status\": true\n\t}"}
2020/10/13 10:24:26	DEBUG	cmd/main1.go:11		{"project": "", "default": "{\n \t\"id\": 1,\n \t\"uuid\": \"08c6a51dde006e64aed953b94fd68f0c\",\n \t\"label\": \"获取枚举值\",\n \t\"path\": \"paas/enums/list\",\n \t\"method\": \"GET\",\n \t\"status\": true,\n \t\"group_id\": 1,\n \t\"backends\": [\n \t\t{\n \t\t\t\"id\": 1,\n \t\t\t\"uuid\": \"f2a7e899b5af7365d70d252f3fd387dd\",\n \t\t\t\"name\": \"enums\",\n \t\t\t\"method\": \"POST\",\n \t\t\t\"query_pairs\": [],\n \t\t\t\"constant_pairs\": [],\n \t\t\t\"plugins\": [],\n \t\t\t\"index\": 0\n \t\t}\n \t],\n \t\"default_response\": {\n \t\t\"code\": 500,\n \t\t\"message\": \"Internal Server Error\",\n \t\t\"result\": {}\n \t}\n }"}
2020/10/13 10:25:25	DEBUG	registry/consul_watcher.go:152		{"project": "", "path": "gateway/ding.api.litudai.com"}
2020/10/13 10:25:25	INFO	registry/consul_watcher.go:186		{"project": "", "watcherPool": "run success"}
2020/10/13 10:25:25	INFO	registry/consul_watcher.go:95		{"project": "", "watcher": "watcher: gateway/ding.api.litudai.com start success"}
2020/10/13 10:25:25	DEBUG	cmd/main1.go:11		{"project": "", "gateway/ding.api.litudai.com": 18287, "default": "{\n\t\t\"id\": 1,\n\t\t\"uuid\": \"03c7c0ace395d80182db07ae2c30f034\",\n\t\t\"label\": \"案件处理系统-钉钉网关\",\n\t\t\"domain\": \"ding.api.litudai.com\",\n\t\t\"status\": true\n\t}"}
2020/10/13 10:25:25	DEBUG	cmd/main1.go:11		{"project": "", "gateway/ding.api.litudai.com/paas.enums.list": 18292, "default": "{\n \t\"id\": 1,\n \t\"uuid\": \"08c6a51dde006e64aed953b94fd68f0c\",\n \t\"label\": \"获取枚举值\",\n \t\"path\": \"paas/enums/list\",\n \t\"method\": \"GET\",\n \t\"status\": true,\n \t\"group_id\": 1,\n \t\"backends\": [\n \t\t{\n \t\t\t\"id\": 1,\n \t\t\t\"uuid\": \"f2a7e899b5af7365d70d252f3fd387dd\",\n \t\t\t\"name\": \"enums\",\n \t\t\t\"method\": \"POST\",\n \t\t\t\"query_pairs\": [],\n \t\t\t\"constant_pairs\": [],\n \t\t\t\"plugins\": [],\n \t\t\t\"index\": 0\n \t\t}\n \t],\n \t\"default_response\": {\n \t\t\"code\": 500,\n \t\t\"message\": \"Internal Server Error\",\n \t\t\"result\": {}\n \t}\n }"}
2020/10/13 10:28:13	DEBUG	cmd/main2.go:18		{"project": "", "ding.api.litudai.com": "{\n\t\t\"id\": 1,\n\t\t\"uuid\": \"03c7c0ace395d80182db07ae2c30f034\",\n\t\t\"label\": \"案件处理系统-钉钉网关\",\n\t\t\"domain\": \"ding.api.litudai.com\",\n\t\t\"status\": true\n\t}"}
2020/10/13 10:28:13	DEBUG	cmd/main2.go:18		{"project": "", "ding.api.litudai.com/paas.enums.list": "{\n \t\"id\": 1,\n \t\"uuid\": \"08c6a51dde006e64aed953b94fd68f0c\",\n \t\"label\": \"获取枚举值\",\n \t\"path\": \"paas/enums/list\",\n \t\"method\": \"GET\",\n \t\"status\": true,\n \t\"group_id\": 1,\n \t\"backends\": [\n \t\t{\n \t\t\t\"id\": 1,\n \t\t\t\"uuid\": \"f2a7e899b5af7365d70d252f3fd387dd\",\n \t\t\t\"name\": \"enums\",\n \t\t\t\"method\": \"POST\",\n \t\t\t\"query_pairs\": [],\n \t\t\t\"constant_pairs\": [],\n \t\t\t\"plugins\": [],\n \t\t\t\"index\": 0\n \t\t}\n \t],\n \t\"default_response\": {\n \t\t\"code\": 500,\n \t\t\"message\": \"Internal Server Error\",\n \t\t\"result\": {}\n \t}\n }"}
2020/10/13 10:28:48	DEBUG	cmd/main2.go:18		{"project": "", "ding.api.litudai.com/paas.enums.list": "{\n \t\"id\": 2,\n \t\"uuid\": \"08c6a51dde006e64aed953b94fd68f0c\",\n \t\"label\": \"获取枚举值\",\n \t\"path\": \"paas/enums/list\",\n \t\"method\": \"GET\",\n \t\"status\": true,\n \t\"group_id\": 1,\n \t\"backends\": [\n \t\t{\n \t\t\t\"id\": 1,\n \t\t\t\"uuid\": \"f2a7e899b5af7365d70d252f3fd387dd\",\n \t\t\t\"name\": \"enums\",\n \t\t\t\"method\": \"POST\",\n \t\t\t\"query_pairs\": [],\n \t\t\t\"constant_pairs\": [],\n \t\t\t\"plugins\": [],\n \t\t\t\"index\": 0\n \t\t}\n \t],\n \t\"default_response\": {\n \t\t\"code\": 500,\n \t\t\"message\": \"Internal Server Error\",\n \t\t\"result\": {}\n \t}\n }"}
2020/10/13 10:28:48	DEBUG	cmd/main1.go:11		{"project": "", "gateway/ding.api.litudai.com/paas.enums.list": 18356, "default": "{\n \t\"id\": 2,\n \t\"uuid\": \"08c6a51dde006e64aed953b94fd68f0c\",\n \t\"label\": \"获取枚举值\",\n \t\"path\": \"paas/enums/list\",\n \t\"method\": \"GET\",\n \t\"status\": true,\n \t\"group_id\": 1,\n \t\"backends\": [\n \t\t{\n \t\t\t\"id\": 1,\n \t\t\t\"uuid\": \"f2a7e899b5af7365d70d252f3fd387dd\",\n \t\t\t\"name\": \"enums\",\n \t\t\t\"method\": \"POST\",\n \t\t\t\"query_pairs\": [],\n \t\t\t\"constant_pairs\": [],\n \t\t\t\"plugins\": [],\n \t\t\t\"index\": 0\n \t\t}\n \t],\n \t\"default_response\": {\n \t\t\"code\": 500,\n \t\t\"message\": \"Internal Server Error\",\n \t\t\"result\": {}\n \t}\n }"}
2020/10/13 10:29:11	DEBUG	cmd/main2.go:18		{"project": "", "ding.api.litudai.com": "{\n\t\t\"id\": 2,\n\t\t\"uuid\": \"03c7c0ace395d80182db07ae2c30f034\",\n\t\t\"label\": \"案件处理系统-钉钉网关\",\n\t\t\"domain\": \"ding.api.litudai.com\",\n\t\t\"status\": true\n\t}"}
2020/10/13 10:29:11	DEBUG	cmd/main1.go:11		{"project": "", "gateway/ding.api.litudai.com": 18359, "default": "{\n\t\t\"id\": 2,\n\t\t\"uuid\": \"03c7c0ace395d80182db07ae2c30f034\",\n\t\t\"label\": \"案件处理系统-钉钉网关\",\n\t\t\"domain\": \"ding.api.litudai.com\",\n\t\t\"status\": true\n\t}"}
2020/10/13 10:43:43	DEBUG	registry/consul_watcher.go:153		{"project": "", "path": "gateway/ding.api.litudai.com"}
2020/10/13 10:43:43	INFO	registry/consul_watcher.go:187		{"project": "", "watcherPool": "run success"}
2020/10/13 10:44:14	DEBUG	cmd/main2.go:18		{"project": "", "ding.api.litudai.com": "{\n\t\t\"id\": 3,\n\t\t\"uuid\": \"03c7c0ace395d80182db07ae2c30f034\",\n\t\t\"label\": \"案件处理系统-钉钉网关\",\n\t\t\"domain\": \"ding.api.litudai.com\",\n\t\t\"status\": true\n\t}"}
2020/10/13 10:44:26	DEBUG	registry/consul_watcher.go:152		{"project": "", "path": "gateway/ding.api.litudai.com"}
2020/10/13 10:44:26	INFO	registry/consul_watcher.go:186		{"project": "", "watcherPool": "run success"}
2020/10/13 10:44:26	INFO	registry/consul_watcher.go:95		{"project": "", "watcher": "watcher: gateway/ding.api.litudai.com start success"}
2020/10/13 10:44:26	DEBUG	cmd/main1.go:11		{"project": "", "gateway/ding.api.litudai.com": 18417, "default": "{\n\t\t\"id\": 3,\n\t\t\"uuid\": \"03c7c0ace395d80182db07ae2c30f034\",\n\t\t\"label\": \"案件处理系统-钉钉网关\",\n\t\t\"domain\": \"ding.api.litudai.com\",\n\t\t\"status\": true\n\t}"}
2020/10/13 10:50:29	DEBUG	registry/consul_watcher.go:153		{"project": "", "path": "gateway/ding.api.litudai.com"}
2020/10/13 10:50:29	INFO	registry/consul_watcher.go:187		{"project": "", "watcherPool": "run success"}
2020/10/13 10:50:29	INFO	registry/consul_watcher.go:96		{"project": "", "watcher": "watcher: gateway/ding.api.litudai.com start success"}
2020/10/13 10:50:29	DEBUG	cmd/main1.go:11		{"project": "", "gateway/ding.api.litudai.com": 18417, "default": "{\n\t\t\"id\": 3,\n\t\t\"uuid\": \"03c7c0ace395d80182db07ae2c30f034\",\n\t\t\"label\": \"案件处理系统-钉钉网关\",\n\t\t\"domain\": \"ding.api.litudai.com\",\n\t\t\"status\": true\n\t}"}
2020/10/13 10:50:57	DEBUG	registry/consul_watcher.go:153		{"project": "", "path": "gateway/ding.api.litudai.com"}
2020/10/13 10:50:57	INFO	registry/consul_watcher.go:187		{"project": "", "watcherPool": "run success"}
2020/10/13 10:50:57	INFO	registry/consul_watcher.go:96		{"project": "", "watcher": "watcher: gateway/ding.api.litudai.com start success"}
2020/10/13 11:00:34	DEBUG	registry/consul_watcher.go:159		{"project": "", "path": "gateway/ding.api.litudai.com"}
2020/10/13 11:00:34	INFO	registry/consul_watcher.go:193		{"project": "", "watcherPool": "run success"}
2020/10/13 11:00:34	INFO	registry/consul_watcher.go:102		{"project": "", "watcher": "watcher: gateway/ding.api.litudai.com start success"}
2020/10/13 11:00:52	DEBUG	cmd/main1.go:11		{"project": "", "gateway/ding.api.litudai.com": 18480, "default": ""}
2020/10/13 11:00:52	DEBUG	cmd/main2.go:18		{"project": "", "ding.api.litudai.com": ""}
2020/10/13 11:01:48	DEBUG	registry/consul_watcher.go:159		{"project": "", "path": "gateway/ding.api.litudai.com"}
2020/10/13 11:01:48	INFO	registry/consul_watcher.go:193		{"project": "", "watcherPool": "run success"}
2020/10/13 11:01:48	INFO	registry/consul_watcher.go:102		{"project": "", "watcher": "watcher: gateway/ding.api.litudai.com start success"}
2020/10/13 11:01:57	DEBUG	cmd/main1.go:11		{"project": "", "gateway/ding.api.litudai.com": "create", "default": ""}
2020/10/13 11:02:06	DEBUG	cmd/main2.go:18		{"project": "", "ding.api.litudai.com": "false"}
2020/10/13 11:02:06	DEBUG	cmd/main1.go:11		{"project": "", "gateway/ding.api.litudai.com": "modify", "default": "fsdf"}
2020/10/13 11:25:16	DEBUG	cmd/main2.go:18		{"project": "", "ding.api.litudai.com": ""}
2020/10/13 11:25:16	DEBUG	cmd/main1.go:11		{"project": "", "gateway/ding.api.litudai.com": "modify", "default": ""}
2020/10/13 11:31:35	DEBUG	cmd/main1.go:11		{"project": "", "gateway/ding.api.litudai.com": "modify", "default": ""}
2020/10/13 11:33:04	DEBUG	cmd/main1.go:11		{"project": "", "gateway/ding.api.litudai.com": "modify", "default": ""}
2020/10/13 11:43:10	DEBUG	registry/consul_watcher.go:196		{"project": "", "path": "gateway/ding.api.litudai.com"}
2020/10/13 11:43:10	INFO	registry/consul_watcher.go:230		{"project": "", "watcherPool": "run success"}
2020/10/13 11:43:10	INFO	registry/consul_watcher.go:103		{"project": "", "watcher": "watcher: gateway/ding.api.litudai.com start success"}
2020/10/13 11:43:10	DEBUG	cmd/main1.go:11		{"project": "", "gateway/ding.api.litudai.com": "create", "default": ""}
2020/10/13 11:44:01	DEBUG	registry/consul_watcher.go:198		{"project": "", "path": "gateway/ding.api.litudai.com"}
2020/10/13 11:44:01	INFO	registry/consul_watcher.go:232		{"project": "", "watcherPool": "run success"}
2020/10/13 11:44:01	INFO	registry/consul_watcher.go:103		{"project": "", "watcher": "watcher: gateway/ding.api.litudai.com start success"}
2020/10/13 11:44:01	DEBUG	cmd/main1.go:11		{"project": "", "gateway/ding.api.litudai.com": "create", "default": ""}
2020/10/13 11:44:03	DEBUG	registry/consul_watcher.go:164		{"project": "", "watcher": "gateway/ding.api.litudai.com", "default": "exits"}
2020/10/13 11:44:05	DEBUG	registry/consul_watcher.go:164		{"project": "", "watcher": "gateway/ding.api.litudai.com", "default": "exits"}
2020/10/13 11:44:07	DEBUG	registry/consul_watcher.go:164		{"project": "", "watcher": "gateway/ding.api.litudai.com", "default": "exits"}
2020/10/13 11:44:09	DEBUG	registry/consul_watcher.go:164		{"project": "", "watcher": "gateway/ding.api.litudai.com", "default": "exits"}
2020/10/13 11:44:11	DEBUG	registry/consul_watcher.go:164		{"project": "", "watcher": "gateway/ding.api.litudai.com", "default": "exits"}
2020/10/13 11:44:13	DEBUG	registry/consul_watcher.go:164		{"project": "", "watcher": "gateway/ding.api.litudai.com", "default": "exits"}
2020/10/13 11:44:15	DEBUG	registry/consul_watcher.go:164		{"project": "", "watcher": "gateway/ding.api.litudai.com", "default": "exits"}
2020/10/13 11:44:17	DEBUG	registry/consul_watcher.go:164		{"project": "", "watcher": "gateway/ding.api.litudai.com", "default": "exits"}
2020/10/13 11:44:19	DEBUG	registry/consul_watcher.go:164		{"project": "", "watcher": "gateway/ding.api.litudai.com", "default": "exits"}
2020/10/13 11:44:21	DEBUG	registry/consul_watcher.go:164		{"project": "", "watcher": "gateway/ding.api.litudai.com", "default": "exits"}
2020/10/13 11:44:23	DEBUG	registry/consul_watcher.go:164		{"project": "", "watcher": "gateway/ding.api.litudai.com", "default": "exits"}
2020/10/13 11:44:25	DEBUG	registry/consul_watcher.go:164		{"project": "", "watcher": "gateway/ding.api.litudai.com", "default": "exits"}
2020/10/13 11:44:27	DEBUG	registry/consul_watcher.go:164		{"project": "", "watcher": "gateway/ding.api.litudai.com", "default": "exits"}
2020/10/13 11:44:29	DEBUG	registry/consul_watcher.go:164		{"project": "", "watcher": "gateway/ding.api.litudai.com", "default": "exits"}
2020/10/13 11:44:31	DEBUG	registry/consul_watcher.go:199		{"project": "", "path": "gateway/ding.api.litudai.com"}
2020/10/13 11:44:31	INFO	registry/consul_watcher.go:233		{"project": "", "watcherPool": "run success"}
2020/10/13 11:44:31	INFO	registry/consul_watcher.go:103		{"project": "", "watcher": "watcher: gateway/ding.api.litudai.com start success"}
2020/10/13 11:44:31	DEBUG	cmd/main1.go:11		{"project": "", "gateway/ding.api.litudai.com": "create", "default": ""}
2020/10/13 11:44:33	DEBUG	registry/consul_watcher.go:165		{"project": "", "watcher": "gateway/ding.api.litudai.com", "default": "还在"}
2020/10/13 11:44:35	DEBUG	registry/consul_watcher.go:165		{"project": "", "watcher": "gateway/ding.api.litudai.com", "default": "还在"}
2020/10/13 11:44:37	DEBUG	registry/consul_watcher.go:165		{"project": "", "watcher": "gateway/ding.api.litudai.com", "default": "还在"}
2020/10/13 11:44:39	DEBUG	registry/consul_watcher.go:165		{"project": "", "watcher": "gateway/ding.api.litudai.com", "default": "还在"}
2020/10/13 11:44:41	DEBUG	registry/consul_watcher.go:161		{"project": "", "watcher": "gateway/ding.api.litudai.com", "default": "不在了"}
2020/10/13 11:44:41	DEBUG	cmd/main1.go:11		{"project": "", "gateway/ding.api.litudai.com": "delete", "default": ""}
2020/10/13 11:44:41	INFO	registry/consul_watcher.go:99		{"project": "", "watcher": "watcher: gateway/ding.api.litudai.com stop"}
2020/10/13 11:46:32	DEBUG	registry/consul_watcher.go:199		{"project": "", "path": "gateway/ding.api.litudai.com"}
2020/10/13 11:46:32	INFO	registry/consul_watcher.go:233		{"project": "", "watcherPool": "run success"}
2020/10/13 11:46:32	INFO	registry/consul_watcher.go:103		{"project": "", "watcher": "watcher: gateway/ding.api.litudai.com start success"}
2020/10/13 11:46:32	DEBUG	cmd/main1.go:11		{"project": "", "gateway/ding.api.litudai.com": "create", "default": ""}
2020/10/13 11:46:34	DEBUG	registry/consul_watcher.go:165		{"project": "", "watcher": "gateway/ding.api.litudai.com", "default": "还在"}
2020/10/13 11:46:36	DEBUG	registry/consul_watcher.go:165		{"project": "", "watcher": "gateway/ding.api.litudai.com", "default": "还在"}
2020/10/13 11:46:38	DEBUG	registry/consul_watcher.go:165		{"project": "", "watcher": "gateway/ding.api.litudai.com", "default": "还在"}
2020/10/13 11:46:40	DEBUG	registry/consul_watcher.go:165		{"project": "", "watcher": "gateway/ding.api.litudai.com", "default": "还在"}
2020/10/13 11:46:42	DEBUG	registry/consul_watcher.go:165		{"project": "", "watcher": "gateway/ding.api.litudai.com", "default": "还在"}
2020/10/13 11:46:44	DEBUG	registry/consul_watcher.go:165		{"project": "", "watcher": "gateway/ding.api.litudai.com", "default": "还在"}
2020/10/13 11:46:46	DEBUG	registry/consul_watcher.go:161		{"project": "", "watcher": "gateway/ding.api.litudai.com", "default": "不在了"}
2020/10/13 11:46:46	DEBUG	cmd/main1.go:11		{"project": "", "gateway/ding.api.litudai.com": "delete", "default": ""}
2020/10/13 11:46:48	DEBUG	registry/consul_watcher.go:161		{"project": "", "watcher": "gateway/ding.api.litudai.com", "default": "不在了"}
2020/10/13 11:46:48	DEBUG	cmd/main1.go:11		{"project": "", "gateway/ding.api.litudai.com": "delete", "default": ""}
2020/10/13 11:46:50	DEBUG	registry/consul_watcher.go:161		{"project": "", "watcher": "gateway/ding.api.litudai.com", "default": "不在了"}
2020/10/13 11:46:50	DEBUG	cmd/main1.go:11		{"project": "", "gateway/ding.api.litudai.com": "delete", "default": ""}
2020/10/13 11:46:52	DEBUG	registry/consul_watcher.go:161		{"project": "", "watcher": "gateway/ding.api.litudai.com", "default": "不在了"}
2020/10/13 11:46:52	DEBUG	cmd/main1.go:11		{"project": "", "gateway/ding.api.litudai.com": "delete", "default": ""}
2020/10/13 11:46:54	DEBUG	registry/consul_watcher.go:161		{"project": "", "watcher": "gateway/ding.api.litudai.com", "default": "不在了"}
2020/10/13 11:46:54	DEBUG	cmd/main1.go:11		{"project": "", "gateway/ding.api.litudai.com": "delete", "default": ""}
2020/10/13 11:46:56	DEBUG	registry/consul_watcher.go:161		{"project": "", "watcher": "gateway/ding.api.litudai.com", "default": "不在了"}
2020/10/13 11:46:56	DEBUG	cmd/main1.go:11		{"project": "", "gateway/ding.api.litudai.com": "delete", "default": ""}
2020/10/13 11:46:58	DEBUG	registry/consul_watcher.go:161		{"project": "", "watcher": "gateway/ding.api.litudai.com", "default": "不在了"}
2020/10/13 11:46:58	DEBUG	cmd/main1.go:11		{"project": "", "gateway/ding.api.litudai.com": "delete", "default": ""}
2020/10/13 11:47:00	DEBUG	registry/consul_watcher.go:161		{"project": "", "watcher": "gateway/ding.api.litudai.com", "default": "不在了"}
2020/10/13 11:47:00	DEBUG	cmd/main1.go:11		{"project": "", "gateway/ding.api.litudai.com": "delete", "default": ""}
2020/10/13 11:47:02	DEBUG	registry/consul_watcher.go:161		{"project": "", "watcher": "gateway/ding.api.litudai.com", "default": "不在了"}
2020/10/13 11:47:02	DEBUG	cmd/main1.go:11		{"project": "", "gateway/ding.api.litudai.com": "delete", "default": ""}
2020/10/13 11:47:04	DEBUG	registry/consul_watcher.go:161		{"project": "", "watcher": "gateway/ding.api.litudai.com", "default": "不在了"}
2020/10/13 11:47:04	DEBUG	cmd/main1.go:11		{"project": "", "gateway/ding.api.litudai.com": "delete", "default": ""}
2020/10/13 11:47:06	DEBUG	registry/consul_watcher.go:161		{"project": "", "watcher": "gateway/ding.api.litudai.com", "default": "不在了"}
2020/10/13 11:47:06	DEBUG	cmd/main1.go:11		{"project": "", "gateway/ding.api.litudai.com": "delete", "default": ""}
2020/10/13 11:47:08	DEBUG	registry/consul_watcher.go:161		{"project": "", "watcher": "gateway/ding.api.litudai.com", "default": "不在了"}
2020/10/13 11:47:08	DEBUG	cmd/main1.go:11		{"project": "", "gateway/ding.api.litudai.com": "delete", "default": ""}
2020/10/13 11:47:10	DEBUG	registry/consul_watcher.go:161		{"project": "", "watcher": "gateway/ding.api.litudai.com", "default": "不在了"}
2020/10/13 11:47:10	DEBUG	cmd/main1.go:11		{"project": "", "gateway/ding.api.litudai.com": "delete", "default": ""}
2020/10/13 11:47:12	DEBUG	registry/consul_watcher.go:161		{"project": "", "watcher": "gateway/ding.api.litudai.com", "default": "不在了"}
2020/10/13 11:47:12	DEBUG	cmd/main1.go:11		{"project": "", "gateway/ding.api.litudai.com": "delete", "default": ""}
2020/10/13 11:47:14	DEBUG	registry/consul_watcher.go:161		{"project": "", "watcher": "gateway/ding.api.litudai.com", "default": "不在了"}
2020/10/13 11:47:14	DEBUG	cmd/main1.go:11		{"project": "", "gateway/ding.api.litudai.com": "delete", "default": ""}
2020/10/13 11:47:16	DEBUG	registry/consul_watcher.go:161		{"project": "", "watcher": "gateway/ding.api.litudai.com", "default": "不在了"}
2020/10/13 11:47:16	DEBUG	cmd/main1.go:11		{"project": "", "gateway/ding.api.litudai.com": "delete", "default": ""}
2020/10/13 11:47:18	DEBUG	registry/consul_watcher.go:161		{"project": "", "watcher": "gateway/ding.api.litudai.com", "default": "不在了"}
2020/10/13 11:47:18	DEBUG	cmd/main1.go:11		{"project": "", "gateway/ding.api.litudai.com": "delete", "default": ""}
2020/10/13 11:47:20	DEBUG	registry/consul_watcher.go:161		{"project": "", "watcher": "gateway/ding.api.litudai.com", "default": "不在了"}
2020/10/13 11:47:20	DEBUG	cmd/main1.go:11		{"project": "", "gateway/ding.api.litudai.com": "delete", "default": ""}
2020/10/13 11:47:22	DEBUG	registry/consul_watcher.go:161		{"project": "", "watcher": "gateway/ding.api.litudai.com", "default": "不在了"}
2020/10/13 11:47:22	DEBUG	cmd/main1.go:11		{"project": "", "gateway/ding.api.litudai.com": "delete", "default": ""}
2020/10/13 11:47:24	DEBUG	registry/consul_watcher.go:161		{"project": "", "watcher": "gateway/ding.api.litudai.com", "default": "不在了"}
2020/10/13 11:47:24	DEBUG	cmd/main1.go:11		{"project": "", "gateway/ding.api.litudai.com": "delete", "default": ""}
2020/10/13 11:47:26	DEBUG	registry/consul_watcher.go:161		{"project": "", "watcher": "gateway/ding.api.litudai.com", "default": "不在了"}
2020/10/13 11:47:26	DEBUG	cmd/main1.go:11		{"project": "", "gateway/ding.api.litudai.com": "delete", "default": ""}
2020/10/13 11:47:28	DEBUG	registry/consul_watcher.go:161		{"project": "", "watcher": "gateway/ding.api.litudai.com", "default": "不在了"}
2020/10/13 11:47:28	DEBUG	cmd/main1.go:11		{"project": "", "gateway/ding.api.litudai.com": "delete", "default": ""}
2020/10/13 11:47:30	DEBUG	registry/consul_watcher.go:161		{"project": "", "watcher": "gateway/ding.api.litudai.com", "default": "不在了"}
2020/10/13 11:47:30	DEBUG	cmd/main1.go:11		{"project": "", "gateway/ding.api.litudai.com": "delete", "default": ""}
2020/10/13 11:47:32	DEBUG	registry/consul_watcher.go:161		{"project": "", "watcher": "gateway/ding.api.litudai.com", "default": "不在了"}
2020/10/13 11:47:32	DEBUG	cmd/main1.go:11		{"project": "", "gateway/ding.api.litudai.com": "delete", "default": ""}
2020/10/13 11:47:34	DEBUG	registry/consul_watcher.go:161		{"project": "", "watcher": "gateway/ding.api.litudai.com", "default": "不在了"}
2020/10/13 11:47:34	DEBUG	cmd/main1.go:11		{"project": "", "gateway/ding.api.litudai.com": "delete", "default": ""}
2020/10/13 11:47:36	DEBUG	registry/consul_watcher.go:161		{"project": "", "watcher": "gateway/ding.api.litudai.com", "default": "不在了"}
2020/10/13 11:47:36	DEBUG	cmd/main1.go:11		{"project": "", "gateway/ding.api.litudai.com": "delete", "default": ""}
2020/10/13 11:47:38	DEBUG	registry/consul_watcher.go:161		{"project": "", "watcher": "gateway/ding.api.litudai.com", "default": "不在了"}
2020/10/13 11:47:38	DEBUG	cmd/main1.go:11		{"project": "", "gateway/ding.api.litudai.com": "delete", "default": ""}
2020/10/13 11:47:40	DEBUG	registry/consul_watcher.go:161		{"project": "", "watcher": "gateway/ding.api.litudai.com", "default": "不在了"}
2020/10/13 11:47:40	DEBUG	cmd/main1.go:11		{"project": "", "gateway/ding.api.litudai.com": "delete", "default": ""}
2020/10/13 11:47:42	DEBUG	registry/consul_watcher.go:161		{"project": "", "watcher": "gateway/ding.api.litudai.com", "default": "不在了"}
2020/10/13 11:47:42	DEBUG	cmd/main1.go:11		{"project": "", "gateway/ding.api.litudai.com": "delete", "default": ""}
2020/10/13 11:47:44	DEBUG	registry/consul_watcher.go:161		{"project": "", "watcher": "gateway/ding.api.litudai.com", "default": "不在了"}
2020/10/13 11:47:44	DEBUG	cmd/main1.go:11		{"project": "", "gateway/ding.api.litudai.com": "delete", "default": ""}
2020/10/13 11:47:46	DEBUG	registry/consul_watcher.go:161		{"project": "", "watcher": "gateway/ding.api.litudai.com", "default": "不在了"}
2020/10/13 11:47:46	DEBUG	cmd/main1.go:11		{"project": "", "gateway/ding.api.litudai.com": "delete", "default": ""}
2020/10/13 11:47:48	DEBUG	registry/consul_watcher.go:161		{"project": "", "watcher": "gateway/ding.api.litudai.com", "default": "不在了"}
2020/10/13 11:47:48	DEBUG	cmd/main1.go:11		{"project": "", "gateway/ding.api.litudai.com": "delete", "default": ""}
2020/10/13 11:47:50	DEBUG	registry/consul_watcher.go:161		{"project": "", "watcher": "gateway/ding.api.litudai.com", "default": "不在了"}
2020/10/13 11:47:50	DEBUG	cmd/main1.go:11		{"project": "", "gateway/ding.api.litudai.com": "delete", "default": ""}
2020/10/13 11:47:52	DEBUG	registry/consul_watcher.go:161		{"project": "", "watcher": "gateway/ding.api.litudai.com", "default": "不在了"}
2020/10/13 11:47:52	DEBUG	cmd/main1.go:11		{"project": "", "gateway/ding.api.litudai.com": "delete", "default": ""}
2020/10/13 11:47:54	DEBUG	registry/consul_watcher.go:161		{"project": "", "watcher": "gateway/ding.api.litudai.com", "default": "不在了"}
2020/10/13 11:47:54	DEBUG	cmd/main1.go:11		{"project": "", "gateway/ding.api.litudai.com": "delete", "default": ""}
2020/10/13 11:47:56	DEBUG	registry/consul_watcher.go:161		{"project": "", "watcher": "gateway/ding.api.litudai.com", "default": "不在了"}
2020/10/13 11:47:56	DEBUG	cmd/main1.go:11		{"project": "", "gateway/ding.api.litudai.com": "delete", "default": ""}
2020/10/13 11:47:58	DEBUG	registry/consul_watcher.go:161		{"project": "", "watcher": "gateway/ding.api.litudai.com", "default": "不在了"}
2020/10/13 11:47:58	DEBUG	cmd/main1.go:11		{"project": "", "gateway/ding.api.litudai.com": "delete", "default": ""}
2020/10/13 11:48:00	DEBUG	registry/consul_watcher.go:161		{"project": "", "watcher": "gateway/ding.api.litudai.com", "default": "不在了"}
2020/10/13 11:48:00	DEBUG	cmd/main1.go:11		{"project": "", "gateway/ding.api.litudai.com": "delete", "default": ""}
2020/10/13 11:48:02	DEBUG	registry/consul_watcher.go:161		{"project": "", "watcher": "gateway/ding.api.litudai.com", "default": "不在了"}
2020/10/13 11:48:02	DEBUG	cmd/main1.go:11		{"project": "", "gateway/ding.api.litudai.com": "delete", "default": ""}
2020/10/13 11:48:04	DEBUG	registry/consul_watcher.go:161		{"project": "", "watcher": "gateway/ding.api.litudai.com", "default": "不在了"}
2020/10/13 11:48:04	DEBUG	cmd/main1.go:11		{"project": "", "gateway/ding.api.litudai.com": "delete", "default": ""}
2020/10/13 11:48:06	DEBUG	registry/consul_watcher.go:161		{"project": "", "watcher": "gateway/ding.api.litudai.com", "default": "不在了"}
2020/10/13 11:48:06	DEBUG	cmd/main1.go:11		{"project": "", "gateway/ding.api.litudai.com": "delete", "default": ""}
2020/10/13 11:48:08	DEBUG	registry/consul_watcher.go:161		{"project": "", "watcher": "gateway/ding.api.litudai.com", "default": "不在了"}
2020/10/13 11:48:08	DEBUG	cmd/main1.go:11		{"project": "", "gateway/ding.api.litudai.com": "delete", "default": ""}
2020/10/13 11:48:10	DEBUG	registry/consul_watcher.go:161		{"project": "", "watcher": "gateway/ding.api.litudai.com", "default": "不在了"}
2020/10/13 11:48:10	DEBUG	cmd/main1.go:11		{"project": "", "gateway/ding.api.litudai.com": "delete", "default": ""}
2020/10/13 11:48:12	DEBUG	registry/consul_watcher.go:161		{"project": "", "watcher": "gateway/ding.api.litudai.com", "default": "不在了"}
2020/10/13 11:48:12	DEBUG	cmd/main1.go:11		{"project": "", "gateway/ding.api.litudai.com": "delete", "default": ""}
2020/10/13 11:48:14	DEBUG	registry/consul_watcher.go:161		{"project": "", "watcher": "gateway/ding.api.litudai.com", "default": "不在了"}
2020/10/13 11:48:14	DEBUG	cmd/main1.go:11		{"project": "", "gateway/ding.api.litudai.com": "delete", "default": ""}
2020/10/13 11:48:16	DEBUG	registry/consul_watcher.go:161		{"project": "", "watcher": "gateway/ding.api.litudai.com", "default": "不在了"}
2020/10/13 11:48:16	DEBUG	cmd/main1.go:11		{"project": "", "gateway/ding.api.litudai.com": "delete", "default": ""}
2020/10/13 11:48:18	DEBUG	registry/consul_watcher.go:161		{"project": "", "watcher": "gateway/ding.api.litudai.com", "default": "不在了"}
2020/10/13 11:48:18	DEBUG	cmd/main1.go:11		{"project": "", "gateway/ding.api.litudai.com": "delete", "default": ""}
2020/10/13 11:48:20	DEBUG	registry/consul_watcher.go:161		{"project": "", "watcher": "gateway/ding.api.litudai.com", "default": "不在了"}
2020/10/13 11:48:20	DEBUG	cmd/main1.go:11		{"project": "", "gateway/ding.api.litudai.com": "delete", "default": ""}
2020/10/13 11:48:22	DEBUG	registry/consul_watcher.go:161		{"project": "", "watcher": "gateway/ding.api.litudai.com", "default": "不在了"}
2020/10/13 11:48:22	DEBUG	cmd/main1.go:11		{"project": "", "gateway/ding.api.litudai.com": "delete", "default": ""}
2020/10/13 11:48:24	DEBUG	registry/consul_watcher.go:161		{"project": "", "watcher": "gateway/ding.api.litudai.com", "default": "不在了"}
2020/10/13 11:48:24	DEBUG	cmd/main1.go:11		{"project": "", "gateway/ding.api.litudai.com": "delete", "default": ""}
2020/10/13 11:48:26	DEBUG	registry/consul_watcher.go:161		{"project": "", "watcher": "gateway/ding.api.litudai.com", "default": "不在了"}
2020/10/13 11:48:26	DEBUG	cmd/main1.go:11		{"project": "", "gateway/ding.api.litudai.com": "delete", "default": ""}
2020/10/13 11:48:28	DEBUG	registry/consul_watcher.go:161		{"project": "", "watcher": "gateway/ding.api.litudai.com", "default": "不在了"}
2020/10/13 11:48:28	DEBUG	cmd/main1.go:11		{"project": "", "gateway/ding.api.litudai.com": "delete", "default": ""}
2020/10/13 11:48:30	DEBUG	registry/consul_watcher.go:161		{"project": "", "watcher": "gateway/ding.api.litudai.com", "default": "不在了"}
2020/10/13 11:48:30	DEBUG	cmd/main1.go:11		{"project": "", "gateway/ding.api.litudai.com": "delete", "default": ""}
2020/10/13 11:48:32	DEBUG	registry/consul_watcher.go:161		{"project": "", "watcher": "gateway/ding.api.litudai.com", "default": "不在了"}
2020/10/13 11:48:32	DEBUG	cmd/main1.go:11		{"project": "", "gateway/ding.api.litudai.com": "delete", "default": ""}
2020/10/13 11:48:34	DEBUG	registry/consul_watcher.go:161		{"project": "", "watcher": "gateway/ding.api.litudai.com", "default": "不在了"}
2020/10/13 11:48:34	DEBUG	cmd/main1.go:11		{"project": "", "gateway/ding.api.litudai.com": "delete", "default": ""}
2020/10/13 11:48:36	DEBUG	registry/consul_watcher.go:161		{"project": "", "watcher": "gateway/ding.api.litudai.com", "default": "不在了"}
2020/10/13 11:48:36	DEBUG	cmd/main1.go:11		{"project": "", "gateway/ding.api.litudai.com": "delete", "default": ""}
2020/10/13 11:48:38	DEBUG	registry/consul_watcher.go:161		{"project": "", "watcher": "gateway/ding.api.litudai.com", "default": "不在了"}
2020/10/13 11:48:38	DEBUG	cmd/main1.go:11		{"project": "", "gateway/ding.api.litudai.com": "delete", "default": ""}
2020/10/13 11:48:40	DEBUG	registry/consul_watcher.go:161		{"project": "", "watcher": "gateway/ding.api.litudai.com", "default": "不在了"}
2020/10/13 11:48:40	DEBUG	cmd/main1.go:11		{"project": "", "gateway/ding.api.litudai.com": "delete", "default": ""}
2020/10/13 11:48:42	DEBUG	registry/consul_watcher.go:161		{"project": "", "watcher": "gateway/ding.api.litudai.com", "default": "不在了"}
2020/10/13 11:48:42	DEBUG	cmd/main1.go:11		{"project": "", "gateway/ding.api.litudai.com": "delete", "default": ""}
2020/10/13 11:48:44	DEBUG	registry/consul_watcher.go:161		{"project": "", "watcher": "gateway/ding.api.litudai.com", "default": "不在了"}
2020/10/13 11:48:44	DEBUG	cmd/main1.go:11		{"project": "", "gateway/ding.api.litudai.com": "delete", "default": ""}
2020/10/13 11:48:46	DEBUG	registry/consul_watcher.go:161		{"project": "", "watcher": "gateway/ding.api.litudai.com", "default": "不在了"}
2020/10/13 11:48:46	DEBUG	cmd/main1.go:11		{"project": "", "gateway/ding.api.litudai.com": "delete", "default": ""}
2020/10/13 11:48:48	DEBUG	registry/consul_watcher.go:161		{"project": "", "watcher": "gateway/ding.api.litudai.com", "default": "不在了"}
2020/10/13 11:48:48	DEBUG	cmd/main1.go:11		{"project": "", "gateway/ding.api.litudai.com": "delete", "default": ""}
2020/10/13 11:48:50	DEBUG	registry/consul_watcher.go:161		{"project": "", "watcher": "gateway/ding.api.litudai.com", "default": "不在了"}
2020/10/13 11:48:50	DEBUG	cmd/main1.go:11		{"project": "", "gateway/ding.api.litudai.com": "delete", "default": ""}
2020/10/13 11:48:52	DEBUG	registry/consul_watcher.go:161		{"project": "", "watcher": "gateway/ding.api.litudai.com", "default": "不在了"}
2020/10/13 11:48:52	DEBUG	cmd/main1.go:11		{"project": "", "gateway/ding.api.litudai.com": "delete", "default": ""}
2020/10/13 11:48:54	DEBUG	registry/consul_watcher.go:161		{"project": "", "watcher": "gateway/ding.api.litudai.com", "default": "不在了"}
2020/10/13 11:48:54	DEBUG	cmd/main1.go:11		{"project": "", "gateway/ding.api.litudai.com": "delete", "default": ""}
2020/10/13 11:48:56	DEBUG	registry/consul_watcher.go:161		{"project": "", "watcher": "gateway/ding.api.litudai.com", "default": "不在了"}
2020/10/13 11:48:56	DEBUG	cmd/main1.go:11		{"project": "", "gateway/ding.api.litudai.com": "delete", "default": ""}
2020/10/13 11:48:58	DEBUG	registry/consul_watcher.go:161		{"project": "", "watcher": "gateway/ding.api.litudai.com", "default": "不在了"}
2020/10/13 11:48:58	DEBUG	cmd/main1.go:11		{"project": "", "gateway/ding.api.litudai.com": "delete", "default": ""}
2020/10/13 11:49:00	DEBUG	registry/consul_watcher.go:161		{"project": "", "watcher": "gateway/ding.api.litudai.com", "default": "不在了"}
2020/10/13 11:49:00	DEBUG	cmd/main1.go:11		{"project": "", "gateway/ding.api.litudai.com": "delete", "default": ""}
2020/10/13 11:49:02	DEBUG	registry/consul_watcher.go:161		{"project": "", "watcher": "gateway/ding.api.litudai.com", "default": "不在了"}
2020/10/13 11:49:02	DEBUG	cmd/main1.go:11		{"project": "", "gateway/ding.api.litudai.com": "delete", "default": ""}
2020/10/13 11:49:04	DEBUG	registry/consul_watcher.go:161		{"project": "", "watcher": "gateway/ding.api.litudai.com", "default": "不在了"}
2020/10/13 11:49:04	DEBUG	cmd/main1.go:11		{"project": "", "gateway/ding.api.litudai.com": "delete", "default": ""}
2020/10/13 11:49:06	DEBUG	registry/consul_watcher.go:161		{"project": "", "watcher": "gateway/ding.api.litudai.com", "default": "不在了"}
2020/10/13 11:49:06	DEBUG	cmd/main1.go:11		{"project": "", "gateway/ding.api.litudai.com": "delete", "default": ""}
2020/10/13 11:49:08	DEBUG	registry/consul_watcher.go:161		{"project": "", "watcher": "gateway/ding.api.litudai.com", "default": "不在了"}
2020/10/13 11:49:08	DEBUG	cmd/main1.go:11		{"project": "", "gateway/ding.api.litudai.com": "delete", "default": ""}
2020/10/13 11:49:10	DEBUG	registry/consul_watcher.go:161		{"project": "", "watcher": "gateway/ding.api.litudai.com", "default": "不在了"}
2020/10/13 11:49:10	DEBUG	cmd/main1.go:11		{"project": "", "gateway/ding.api.litudai.com": "delete", "default": ""}
2020/10/13 11:49:12	DEBUG	registry/consul_watcher.go:161		{"project": "", "watcher": "gateway/ding.api.litudai.com", "default": "不在了"}
2020/10/13 11:49:12	DEBUG	cmd/main1.go:11		{"project": "", "gateway/ding.api.litudai.com": "delete", "default": ""}
2020/10/13 11:49:14	DEBUG	registry/consul_watcher.go:161		{"project": "", "watcher": "gateway/ding.api.litudai.com", "default": "不在了"}
2020/10/13 11:49:14	DEBUG	cmd/main1.go:11		{"project": "", "gateway/ding.api.litudai.com": "delete", "default": ""}
2020/10/13 11:49:16	DEBUG	registry/consul_watcher.go:161		{"project": "", "watcher": "gateway/ding.api.litudai.com", "default": "不在了"}
2020/10/13 11:49:16	DEBUG	cmd/main1.go:11		{"project": "", "gateway/ding.api.litudai.com": "delete", "default": ""}
2020/10/13 11:49:18	DEBUG	registry/consul_watcher.go:161		{"project": "", "watcher": "gateway/ding.api.litudai.com", "default": "不在了"}
2020/10/13 11:49:18	DEBUG	cmd/main1.go:11		{"project": "", "gateway/ding.api.litudai.com": "delete", "default": ""}
2020/10/13 11:49:20	DEBUG	registry/consul_watcher.go:161		{"project": "", "watcher": "gateway/ding.api.litudai.com", "default": "不在了"}
2020/10/13 11:49:20	DEBUG	cmd/main1.go:11		{"project": "", "gateway/ding.api.litudai.com": "delete", "default": ""}
2020/10/13 11:49:22	DEBUG	registry/consul_watcher.go:161		{"project": "", "watcher": "gateway/ding.api.litudai.com", "default": "不在了"}
2020/10/13 11:49:22	DEBUG	cmd/main1.go:11		{"project": "", "gateway/ding.api.litudai.com": "delete", "default": ""}
2020/10/13 11:49:24	DEBUG	registry/consul_watcher.go:161		{"project": "", "watcher": "gateway/ding.api.litudai.com", "default": "不在了"}
2020/10/13 11:49:24	DEBUG	cmd/main1.go:11		{"project": "", "gateway/ding.api.litudai.com": "delete", "default": ""}
2020/10/13 11:49:34	DEBUG	registry/consul_watcher.go:209		{"project": "", "path": "gateway/ding.api.litudai.com"}
2020/10/13 11:49:34	INFO	registry/consul_watcher.go:243		{"project": "", "watcherPool": "run success"}
2020/10/13 11:49:34	INFO	registry/consul_watcher.go:107		{"project": "", "watcher": "watcher: gateway/ding.api.litudai.com start success"}
2020/10/13 11:49:36	DEBUG	registry/consul_watcher.go:170		{"project": "", "watcher": "gateway/ding.api.litudai.com", "default": "不在了"}
2020/10/13 11:49:36	DEBUG	cmd/main1.go:11		{"project": "", "gateway/ding.api.litudai.com": "delete", "default": ""}
2020/10/13 11:49:52	DEBUG	cmd/main1.go:11		{"project": "", "gateway/ding.api.litudai.com": "create", "default": ""}
2020/10/13 11:49:54	DEBUG	registry/consul_watcher.go:175		{"project": "", "watcher": "gateway/ding.api.litudai.com", "default": "还在"}
2020/10/13 11:49:56	DEBUG	registry/consul_watcher.go:175		{"project": "", "watcher": "gateway/ding.api.litudai.com", "default": "还在"}
2020/10/13 11:49:58	DEBUG	registry/consul_watcher.go:175		{"project": "", "watcher": "gateway/ding.api.litudai.com", "default": "还在"}
2020/10/13 11:50:00	DEBUG	registry/consul_watcher.go:175		{"project": "", "watcher": "gateway/ding.api.litudai.com", "default": "还在"}
2020/10/13 11:50:02	DEBUG	registry/consul_watcher.go:175		{"project": "", "watcher": "gateway/ding.api.litudai.com", "default": "还在"}
2020/10/13 11:50:04	DEBUG	registry/consul_watcher.go:175		{"project": "", "watcher": "gateway/ding.api.litudai.com", "default": "还在"}
2020/10/13 11:50:06	DEBUG	registry/consul_watcher.go:170		{"project": "", "watcher": "gateway/ding.api.litudai.com", "default": "不在了"}
2020/10/13 11:50:06	DEBUG	cmd/main1.go:11		{"project": "", "gateway/ding.api.litudai.com": "delete", "default": ""}
2020/10/13 11:50:21	DEBUG	cmd/main1.go:11		{"project": "", "gateway/ding.api.litudai.com": "modify", "default": ""}
2020/10/13 11:50:22	DEBUG	registry/consul_watcher.go:175		{"project": "", "watcher": "gateway/ding.api.litudai.com", "default": "还在"}
2020/10/13 11:50:24	DEBUG	registry/consul_watcher.go:175		{"project": "", "watcher": "gateway/ding.api.litudai.com", "default": "还在"}
2020/10/13 11:50:26	DEBUG	registry/consul_watcher.go:175		{"project": "", "watcher": "gateway/ding.api.litudai.com", "default": "还在"}
2020/10/13 11:50:28	DEBUG	registry/consul_watcher.go:175		{"project": "", "watcher": "gateway/ding.api.litudai.com", "default": "还在"}
2020/10/13 11:50:30	DEBUG	registry/consul_watcher.go:175		{"project": "", "watcher": "gateway/ding.api.litudai.com", "default": "还在"}
2020/10/13 11:50:32	DEBUG	registry/consul_watcher.go:175		{"project": "", "watcher": "gateway/ding.api.litudai.com", "default": "还在"}
2020/10/13 11:50:34	DEBUG	registry/consul_watcher.go:175		{"project": "", "watcher": "gateway/ding.api.litudai.com", "default": "还在"}
2020/10/13 11:50:36	DEBUG	registry/consul_watcher.go:175		{"project": "", "watcher": "gateway/ding.api.litudai.com", "default": "还在"}
2020/10/13 11:50:38	DEBUG	registry/consul_watcher.go:175		{"project": "", "watcher": "gateway/ding.api.litudai.com", "default": "还在"}
2020/10/13 11:50:40	DEBUG	registry/consul_watcher.go:175		{"project": "", "watcher": "gateway/ding.api.litudai.com", "default": "还在"}
2020/10/13 11:50:42	DEBUG	registry/consul_watcher.go:175		{"project": "", "watcher": "gateway/ding.api.litudai.com", "default": "还在"}
2020/10/13 11:50:44	DEBUG	registry/consul_watcher.go:175		{"project": "", "watcher": "gateway/ding.api.litudai.com", "default": "还在"}
2020/10/13 11:50:46	DEBUG	registry/consul_watcher.go:175		{"project": "", "watcher": "gateway/ding.api.litudai.com", "default": "还在"}
2020/10/13 11:50:48	DEBUG	registry/consul_watcher.go:175		{"project": "", "watcher": "gateway/ding.api.litudai.com", "default": "还在"}
2020/10/13 11:50:50	DEBUG	registry/consul_watcher.go:175		{"project": "", "watcher": "gateway/ding.api.litudai.com", "default": "还在"}
2020/10/13 11:50:52	DEBUG	registry/consul_watcher.go:175		{"project": "", "watcher": "gateway/ding.api.litudai.com", "default": "还在"}
2020/10/13 11:50:54	DEBUG	registry/consul_watcher.go:175		{"project": "", "watcher": "gateway/ding.api.litudai.com", "default": "还在"}
2020/10/13 11:50:56	DEBUG	registry/consul_watcher.go:175		{"project": "", "watcher": "gateway/ding.api.litudai.com", "default": "还在"}
2020/10/13 11:50:58	DEBUG	registry/consul_watcher.go:175		{"project": "", "watcher": "gateway/ding.api.litudai.com", "default": "还在"}
2020/10/13 11:51:00	DEBUG	registry/consul_watcher.go:175		{"project": "", "watcher": "gateway/ding.api.litudai.com", "default": "还在"}
2020/10/13 11:51:02	DEBUG	registry/consul_watcher.go:175		{"project": "", "watcher": "gateway/ding.api.litudai.com", "default": "还在"}
2020/10/13 11:51:04	DEBUG	registry/consul_watcher.go:175		{"project": "", "watcher": "gateway/ding.api.litudai.com", "default": "还在"}
2020/10/13 11:51:06	DEBUG	registry/consul_watcher.go:175		{"project": "", "watcher": "gateway/ding.api.litudai.com", "default": "还在"}
2020/10/13 11:51:08	DEBUG	registry/consul_watcher.go:175		{"project": "", "watcher": "gateway/ding.api.litudai.com", "default": "还在"}
2020/10/13 11:51:10	DEBUG	registry/consul_watcher.go:175		{"project": "", "watcher": "gateway/ding.api.litudai.com", "default": "还在"}
2020/10/13 11:51:12	DEBUG	registry/consul_watcher.go:175		{"project": "", "watcher": "gateway/ding.api.litudai.com", "default": "还在"}
2020/10/13 11:51:14	DEBUG	registry/consul_watcher.go:175		{"project": "", "watcher": "gateway/ding.api.litudai.com", "default": "还在"}
2020/10/13 11:51:16	DEBUG	registry/consul_watcher.go:175		{"project": "", "watcher": "gateway/ding.api.litudai.com", "default": "还在"}
2020/10/13 11:51:18	DEBUG	registry/consul_watcher.go:175		{"project": "", "watcher": "gateway/ding.api.litudai.com", "default": "还在"}
2020/10/13 11:51:20	DEBUG	registry/consul_watcher.go:175		{"project": "", "watcher": "gateway/ding.api.litudai.com", "default": "还在"}
2020/10/13 11:51:22	DEBUG	registry/consul_watcher.go:175		{"project": "", "watcher": "gateway/ding.api.litudai.com", "default": "还在"}
2020/10/13 11:51:24	DEBUG	registry/consul_watcher.go:175		{"project": "", "watcher": "gateway/ding.api.litudai.com", "default": "还在"}
2020/10/13 11:53:36	DEBUG	registry/consul_watcher.go:209		{"project": "", "path": "gateway/ding.api.litudai.com"}
2020/10/13 11:53:36	INFO	registry/consul_watcher.go:243		{"project": "", "watcherPool": "run success"}
2020/10/13 11:53:36	INFO	registry/consul_watcher.go:107		{"project": "", "watcher": "watcher: gateway/ding.api.litudai.com start success"}
2020/10/13 11:53:36	DEBUG	cmd/main1.go:11		{"project": "", "gateway/ding.api.litudai.com": "create", "default": ""}
2020/10/13 11:54:42	INFO	registry/consul_watcher.go:234		{"project": "", "watcherPool": "run success"}
2020/10/13 11:54:42	INFO	registry/consul_watcher.go:107		{"project": "", "watcher": "watcher: gateway/ding.api.litudai.com start success"}
2020/10/13 11:54:42	DEBUG	cmd/main1.go:11		{"project": "", "gateway/ding.api.litudai.com": "create", "default": ""}
2020/10/13 11:55:37	INFO	registry/consul_watcher.go:234		{"project": "", "watcherPool": "run success"}
2020/10/13 11:55:37	INFO	registry/consul_watcher.go:107		{"project": "", "watcher": "gateway/ding.api.litudai.com start success"}
2020/10/13 11:55:37	DEBUG	cmd/main1.go:11		{"project": "", "gateway/ding.api.litudai.com": "create", "default": ""}
2020/10/13 11:57:12	INFO	registry/consul_watcher.go:107		{"project": "", "watcher": "gateway/ding.api.litudai.com start success"}
2020/10/13 11:57:12	INFO	registry/consul_watcher.go:234		{"project": "", "watcherPool": "run success"}
2020/10/13 11:57:12	INFO	registry/consul_watcher.go:107		{"project": "", "watcher": "gateway/ding.api.litudai.com/paas.enums.list start success"}
2020/10/13 11:57:12	DEBUG	cmd/main1.go:11		{"project": "", "gateway/ding.api.litudai.com": "create", "default": ""}
2020/10/13 11:57:14	DEBUG	cmd/main1.go:14		{"project": "", "gateway/ding.api.litudai.com/paas.enums.list": "delete", "default": ""}
2020/10/13 11:58:13	DEBUG	cmd/main1.go:14		{"project": "", "gateway/ding.api.litudai.com/paas.enums.list": "create", "default": ""}
2020/10/13 11:58:13	DEBUG	cmd/main2.go:18		{"project": "", "ding.api.litudai.com/paas.enums.list": ""}
2020/10/13 11:58:13	DEBUG	cmd/main1.go:11		{"project": "", "gateway/ding.api.litudai.com/paas.enums.list": "create", "default": ""}
2020/10/13 11:59:00	DEBUG	cmd/main1.go:14		{"project": "", "gateway/ding.api.litudai.com/paas.enums.list": "delete", "default": ""}
2020/10/13 11:59:45	INFO	registry/consul_watcher.go:234		{"project": "", "watcherPool": "run success"}
2020/10/13 11:59:45	INFO	registry/consul_watcher.go:107		{"project": "", "watcher": "gateway/ding.api.litudai.com start success"}
2020/10/13 11:59:45	INFO	registry/consul_watcher.go:107		{"project": "", "watcher": "gateway/ding.api.litudai.com/paas.enums.list start success"}
2020/10/13 11:59:45	DEBUG	cmd/main1.go:11		{"project": "", "gateway/ding.api.litudai.com": "create", "default": ""}
2020/10/13 11:59:47	DEBUG	cmd/main1.go:14		{"project": "", "gateway/ding.api.litudai.com/paas.enums.list": "delete", "default": ""}
2020/10/13 12:00:24	DEBUG	cmd/main1.go:11		{"project": "", "gateway/ding.api.litudai.com/paas.enums.list": "create", "default": ""}
2020/10/13 12:00:24	DEBUG	cmd/main1.go:14		{"project": "", "gateway/ding.api.litudai.com/paas.enums.list": "create", "default": ""}
2020/10/13 12:00:52	DEBUG	cmd/main2.go:21		{"project": "", "ding.api.litudai.com/paas.enums.list": "false"}
2020/10/13 12:00:52	DEBUG	cmd/main1.go:14		{"project": "", "gateway/ding.api.litudai.com/paas.enums.list": "modify", "default": "fsdfdf"}
2020/10/13 12:00:52	DEBUG	cmd/main2.go:18		{"project": "", "ding.api.litudai.com/paas.enums.list": "false"}
2020/10/13 12:00:52	DEBUG	cmd/main1.go:11		{"project": "", "gateway/ding.api.litudai.com/paas.enums.list": "modify", "default": "fsdfdf"}
2020/10/13 12:02:10	DEBUG	cmd/main1.go:14		{"project": "", "gateway/ding.api.litudai.com/paas.enums.list/enums": "create", "default": ""}
2020/10/13 12:02:10	DEBUG	cmd/main1.go:11		{"project": "", "gateway/ding.api.litudai.com/paas.enums.list/enums": "create", "default": ""}
2020/10/13 12:02:38	DEBUG	cmd/main2.go:21		{"project": "", "ding.api.litudai.com/paas.enums.list/enums": "false"}
2020/10/13 12:02:38	DEBUG	cmd/main1.go:11		{"project": "", "gateway/ding.api.litudai.com/paas.enums.list/enums": "modify", "default": "fsdfdf"}
2020/10/13 12:02:38	DEBUG	cmd/main2.go:18		{"project": "", "ding.api.litudai.com/paas.enums.list/enums": "false"}
2020/10/13 12:02:38	DEBUG	cmd/main1.go:14		{"project": "", "gateway/ding.api.litudai.com/paas.enums.list/enums": "modify", "default": "fsdfdf"}
2020/10/13 12:05:33	INFO	registry/consul_watcher.go:107		{"project": "", "watcher": "gateway/ding.api.litudai.com/paas.enums.list start success"}
2020/10/13 12:05:33	INFO	registry/consul_watcher.go:107		{"project": "", "watcher": "gateway/ding.api.litudai.com start success"}
2020/10/13 12:05:33	INFO	registry/consul_watcher.go:234		{"project": "", "watcherPool": "run success"}
2020/10/13 12:05:33	DEBUG	cmd/main1.go:14		{"project": "", "gateway/ding.api.litudai.com/paas.enums.list": "create", "default": "fsdfdf"}
2020/10/13 12:05:33	DEBUG	cmd/main1.go:14		{"project": "", "gateway/ding.api.litudai.com/paas.enums.list/enums": "create", "default": "fsdfdf"}
2020/10/13 12:05:33	DEBUG	cmd/main1.go:11		{"project": "", "gateway/ding.api.litudai.com": "create", "default": ""}
2020/10/13 12:05:33	DEBUG	cmd/main1.go:11		{"project": "", "gateway/ding.api.litudai.com/paas.enums.list": "create", "default": "fsdfdf"}
2020/10/13 12:05:33	DEBUG	cmd/main1.go:11		{"project": "", "gateway/ding.api.litudai.com/paas.enums.list/enums": "create", "default": "fsdfdf"}
2020/10/13 12:06:25	DEBUG	cmd/main1.go:14		{"project": "", "gateway/ding.api.litudai.com/paas.enums.list": "delete", "default": ""}
2020/10/13 12:06:37	DEBUG	cmd/main1.go:11		{"project": "", "gateway/ding.api.litudai.com": "delete", "default": ""}
2020/10/13 12:07:58	INFO	registry/consul_watcher.go:234		{"project": "", "watcherPool": "run success"}
2020/10/13 12:07:58	INFO	registry/consul_watcher.go:107		{"project": "", "watcher": "gateway/ding.api.litudai.com/paas.enums.list/enums start success"}
2020/10/13 12:08:00	DEBUG	cmd/main1.go:14		{"project": "", "gateway/ding.api.litudai.com/paas.enums.list/enums": "delete", "default": ""}
2020/10/13 12:12:10	INFO	registry/consul_watcher.go:235		{"project": "", "watcherPool": "run success"}
2020/10/13 12:12:56	INFO	registry/consul_watcher.go:235		{"project": "", "watcherPool": "run success"}
2020/10/13 12:13:02	INFO	registry/consul_watcher.go:235		{"project": "", "watcherPool": "run success"}
2020/10/13 12:13:02	INFO	registry/consul_watcher.go:108		{"project": "", "watcher": "gateway/ding.api.litudai.com start success"}
2020/10/13 12:13:02	INFO	registry/consul_watcher.go:108		{"project": "", "watcher": "gateway/ding.api.litudai.com/paas.enums.list/enums start success"}
2020/10/13 12:13:02	DEBUG	cmd/main1.go:11		{"project": "", "gateway/ding.api.litudai.com": "create", "default": ""}
2020/10/13 12:13:04	DEBUG	cmd/main1.go:14		{"project": "", "gateway/ding.api.litudai.com/paas.enums.list/enums": "delete", "default": ""}
2020/10/13 12:13:23	INFO	registry/consul_watcher.go:235		{"project": "", "watcherPool": "run success"}
2020/10/13 12:22:17	INFO	registry/consul_watcher.go:236		{"project": "", "watcherPool": "run success"}
2020/10/13 12:22:17	INFO	registry/consul_watcher.go:109		{"project": "", "watcher": "gateway/ding.api.litudai.com/paas.enums.list/enums start success"}
2020/10/13 12:22:17	INFO	registry/consul_watcher.go:109		{"project": "", "watcher": "gateway/ding.api.litudai.com start success"}
2020/10/13 12:22:54	INFO	registry/consul_watcher.go:237		{"project": "", "watcherPool": "run success"}
2020/10/13 12:22:54	INFO	registry/consul_watcher.go:110		{"project": "", "watcher": "gateway/ding.api.litudai.com/paas.enums.list/enums start success"}
2020/10/13 12:22:54	INFO	registry/consul_watcher.go:110		{"project": "", "watcher": "gateway/ding.api.litudai.com start success"}
2020/10/13 12:23:25	INFO	registry/consul_watcher.go:240		{"project": "", "watcherPool": "run success"}
2020/10/13 12:23:25	INFO	registry/consul_watcher.go:113		{"project": "", "watcher": "gateway/ding.api.litudai.com/paas.enums.list/enums start success"}
2020/10/13 12:23:25	INFO	registry/consul_watcher.go:113		{"project": "", "watcher": "gateway/ding.api.litudai.com start success"}
2020/10/13 12:23:27	DEBUG	cmd/main1.go:14		{"project": "", "gateway/ding.api.litudai.com/paas.enums.list/enums": "delete", "default": ""}
2020/10/13 12:24:00	INFO	registry/consul_watcher.go:114		{"project": "", "watcher": "gateway/ding.api.litudai.com/paas.enums.list/enums start success"}
2020/10/13 12:24:00	INFO	registry/consul_watcher.go:114		{"project": "", "watcher": "gateway/ding.api.litudai.com start success"}
2020/10/13 12:24:00	INFO	registry/consul_watcher.go:241		{"project": "", "watcherPool": "run success"}
2020/10/13 12:24:02	DEBUG	cmd/main1.go:14		{"project": "", "gateway/ding.api.litudai.com/paas.enums.list/enums": "delete", "default": ""}
2020/10/13 12:24:35	INFO	registry/consul_watcher.go:239		{"project": "", "watcherPool": "run success"}
2020/10/13 12:24:35	INFO	registry/consul_watcher.go:112		{"project": "", "watcher": "gateway/ding.api.litudai.com/paas.enums.list/enums start success"}
2020/10/13 12:24:35	INFO	registry/consul_watcher.go:112		{"project": "", "watcher": "gateway/ding.api.litudai.com start success"}
2020/10/13 12:24:53	INFO	registry/consul_watcher.go:112		{"project": "", "watcher": "gateway/ding.api.litudai.com/paas.enums.list/enums start success"}
2020/10/13 12:24:53	INFO	registry/consul_watcher.go:239		{"project": "", "watcherPool": "run success"}
2020/10/13 12:24:53	INFO	registry/consul_watcher.go:112		{"project": "", "watcher": "gateway/ding.api.litudai.com start success"}
2020/10/13 12:25:07	INFO	registry/consul_watcher.go:115		{"project": "", "watcher": "gateway/ding.api.litudai.com/paas.enums.list/enums start success"}
2020/10/13 12:25:07	INFO	registry/consul_watcher.go:242		{"project": "", "watcherPool": "run success"}
2020/10/13 12:25:07	INFO	registry/consul_watcher.go:115		{"project": "", "watcher": "gateway/ding.api.litudai.com start success"}
2020/10/13 12:25:16	INFO	registry/consul_watcher.go:242		{"project": "", "watcherPool": "run success"}
2020/10/13 12:25:16	INFO	registry/consul_watcher.go:115		{"project": "", "watcher": "gateway/ding.api.litudai.com start success"}
2020/10/13 12:25:16	INFO	registry/consul_watcher.go:115		{"project": "", "watcher": "gateway/ding.api.litudai.com/paas.enums.list/enums start success"}
2020/10/13 12:25:18	DEBUG	cmd/main1.go:14		{"project": "", "gateway/ding.api.litudai.com/paas.enums.list/enums": "delete", "default": ""}
2020/10/13 12:27:30	INFO	registry/consul_watcher.go:242		{"project": "", "watcherPool": "run success"}
2020/10/13 12:27:30	INFO	registry/consul_watcher.go:115		{"project": "", "watcher": "gateway/ding.api.litudai.com start success"}
2020/10/13 12:27:30	INFO	registry/consul_watcher.go:115		{"project": "", "watcher": "gateway/ding.api.litudai.com/paas.enums.list/enums start success"}
2020/10/13 12:27:32	DEBUG	cmd/main1.go:14		{"project": "", "gateway/ding.api.litudai.com/paas.enums.list/enums": "delete", "default": ""}
2020/10/13 12:28:07	INFO	registry/consul_watcher.go:243		{"project": "", "watcherPool": "run success"}
2020/10/13 12:28:07	INFO	registry/consul_watcher.go:116		{"project": "", "watcher": "gateway/ding.api.litudai.com start success"}
2020/10/13 12:28:07	INFO	registry/consul_watcher.go:116		{"project": "", "watcher": "gateway/ding.api.litudai.com/paas.enums.list/enums start success"}
2020/10/13 12:28:07	DEBUG	registry/consul_watcher.go:78		{"project": "", "watcher": "gateway/ding.api.litudai.com/paas.enums.list/enums", "default": "null"}
2020/10/13 12:28:09	DEBUG	cmd/main1.go:14		{"project": "", "gateway/ding.api.litudai.com/paas.enums.list/enums": "delete", "default": ""}
2020/10/13 12:28:58	DEBUG	cmd/main2.go:18		{"project": "", "ding.api.litudai.com/paas.enums.list/enums": ""}
2020/10/13 12:28:58	DEBUG	cmd/main2.go:21		{"project": "", "ding.api.litudai.com/paas.enums.list/enums": ""}
2020/10/13 12:29:19	DEBUG	registry/consul_watcher.go:78		{"project": "", "watcher": "gateway/ding.api.litudai.com/paas.enums.list/enums", "default": "null"}
2020/10/13 12:29:21	DEBUG	cmd/main1.go:14		{"project": "", "gateway/ding.api.litudai.com/paas.enums.list/enums": "delete", "default": ""}
2020/10/13 12:33:11	INFO	registry/consul_watcher.go:245		{"project": "", "watcherPool": "run success"}
2020/10/13 12:33:11	INFO	registry/consul_watcher.go:118		{"project": "", "watcher": "gateway/ding.api.litudai.com start success"}
2020/10/13 12:33:11	INFO	registry/consul_watcher.go:118		{"project": "", "watcher": "gateway/ding.api.litudai.com/paas.enums.list/enums start success"}
2020/10/13 12:33:11	DEBUG	registry/consul_watcher.go:76		{"project": "", "watcher": "gateway/ding.api.litudai.com/paas.enums.list/enums", "default": "deleted"}
2020/10/13 12:33:11	DEBUG	cmd/main1.go:14		{"project": "", "gateway/ding.api.litudai.com/paas.enums.list/enums": "delete", "default": ""}
2020/10/13 12:33:11	DEBUG	cmd/main1.go:11		{"project": "", "gateway/ding.api.litudai.com": "create", "default": ""}
2020/10/13 12:34:01	INFO	registry/consul_watcher.go:244		{"project": "", "watcherPool": "run success"}
2020/10/13 12:34:01	INFO	registry/consul_watcher.go:117		{"project": "", "watcher": "gateway/ding.api.litudai.com start success"}
2020/10/13 12:34:01	INFO	registry/consul_watcher.go:117		{"project": "", "watcher": "gateway/ding.api.litudai.com/paas.enums.list/enums start success"}
2020/10/13 12:34:01	DEBUG	cmd/main1.go:14		{"project": "", "gateway/ding.api.litudai.com/paas.enums.list/enums": "delete", "default": ""}
2020/10/13 12:34:01	DEBUG	cmd/main1.go:11		{"project": "", "gateway/ding.api.litudai.com": "create", "default": ""}
2020/10/13 12:34:42	INFO	registry/consul_watcher.go:117		{"project": "", "watcher": "gateway/ding.api.litudai.com/paas.enums.list/enums start success"}
2020/10/13 12:34:42	INFO	registry/consul_watcher.go:244		{"project": "", "watcherPool": "run success"}
2020/10/13 12:34:42	INFO	registry/consul_watcher.go:117		{"project": "", "watcher": "gateway/ding.api.litudai.com start success"}
2020/10/13 12:34:42	DEBUG	cmd/main1.go:14		{"project": "", "gateway/ding.api.litudai.com/paas.enums.list/enums": "delete", "default": ""}
2020/10/13 12:34:42	DEBUG	cmd/main1.go:11		{"project": "", "gateway/ding.api.litudai.com": "create", "default": ""}
2020/10/13 12:35:06	DEBUG	cmd/main2.go:21		{"project": "", "ding.api.litudai.com/paas.enums.list": ""}
2020/10/13 12:35:06	DEBUG	cmd/main2.go:18		{"project": "", "ding.api.litudai.com/paas.enums.list": ""}
2020/10/13 12:35:17	DEBUG	cmd/main1.go:14		{"project": "", "gateway/ding.api.litudai.com/paas.enums.list/enums": "create", "default": ""}
2020/10/13 12:35:36	DEBUG	cmd/main1.go:11		{"project": "", "gateway/ding.api.litudai.com": "delete", "default": ""}
2020/10/13 12:35:47	DEBUG	cmd/main1.go:14		{"project": "", "gateway/ding.api.litudai.com/paas.enums.list/enums": "delete", "default": ""}
2020/10/13 12:37:12	INFO	registry/consul_watcher.go:117		{"project": "", "watcher": "gateway/ding.api.litudai.com start success"}
2020/10/13 12:37:12	INFO	registry/consul_watcher.go:244		{"project": "", "watcherPool": "run success"}
2020/10/13 12:37:12	INFO	registry/consul_watcher.go:117		{"project": "", "watcher": "gateway/ding.api.litudai.com/paas.enums.list/enums start success"}
2020/10/13 12:37:12	DEBUG	cmd/main1.go:14		{"project": "", "gateway/ding.api.litudai.com/paas.enums.list/enums": "delete", "default": ""}
2020/10/13 12:37:12	DEBUG	cmd/main1.go:11		{"project": "", "gateway/ding.api.litudai.com": "delete", "default": ""}
2020/10/13 12:38:34	DEBUG	cmd/main1.go:14		{"project": "", "gateway/ding.api.litudai.com/paas.enums.list/enums": "create", "default": ""}
2020/10/13 12:38:52	DEBUG	cmd/main1.go:14		{"project": "", "gateway/ding.api.litudai.com/paas.enums.list/enums": "delete", "default": ""}
2020/10/13 12:39:43	INFO	registry/consul_watcher.go:248		{"project": "", "watcherPool": "run success"}
2020/10/13 12:39:43	INFO	registry/consul_watcher.go:117		{"project": "", "watcher": "gateway/ding.api.litudai.com start success"}
2020/10/13 12:39:43	INFO	registry/consul_watcher.go:117		{"project": "", "watcher": "gateway/ding.api.litudai.com/paas.enums.list/enums start success"}
2020/10/13 12:39:43	DEBUG	cmd/main1.go:11		{"project": "", "gateway/ding.api.litudai.com": "delete", "default": ""}
2020/10/13 12:39:43	DEBUG	cmd/main1.go:14		{"project": "", "gateway/ding.api.litudai.com/paas.enums.list/enums": "delete", "default": ""}
2020/10/13 12:39:43	DEBUG	registry/consul_watcher.go:236		{"project": "", "default": "not found"}
2020/10/13 12:40:03	INFO	registry/consul_watcher.go:117		{"project": "", "watcher": "gateway/ding.api.litudai.com/paas.enums.list/enums start success"}
2020/10/13 12:40:03	INFO	registry/consul_watcher.go:117		{"project": "", "watcher": "gateway/ding.api.litudai.com start success"}
2020/10/13 12:40:03	INFO	registry/consul_watcher.go:248		{"project": "", "watcherPool": "run success"}
2020/10/13 12:40:03	DEBUG	cmd/main1.go:11		{"project": "", "gateway/ding.api.litudai.com": "delete", "default": ""}
2020/10/13 12:40:03	DEBUG	cmd/main1.go:14		{"project": "", "gateway/ding.api.litudai.com/paas.enums.list/enums": "delete", "default": ""}
2020/10/13 12:40:03	DEBUG	registry/consul_watcher.go:236		{"project": "", "not foundError": "json: unsupported type: watch.WatcherFunc"}
2020/10/13 12:40:50	INFO	registry/consul_watcher.go:251		{"project": "", "watcherPool": "run success"}
2020/10/13 12:40:50	INFO	registry/consul_watcher.go:117		{"project": "", "watcher": "gateway/ding.api.litudai.com/paas.enums.list/enums start success"}
2020/10/13 12:40:50	INFO	registry/consul_watcher.go:117		{"project": "", "watcher": "gateway/ding.api.litudai.com start success"}
2020/10/13 12:40:50	DEBUG	cmd/main1.go:11		{"project": "", "gateway/ding.api.litudai.com": "delete", "default": ""}
2020/10/13 12:40:50	DEBUG	cmd/main1.go:14		{"project": "", "gateway/ding.api.litudai.com/paas.enums.list/enums": "delete", "default": ""}
2020/10/13 12:40:50	DEBUG	registry/consul_watcher.go:236		{"project": "", "default": "not found"}
2020/10/13 12:40:50	DEBUG	registry/consul_watcher.go:238		{"project": "", "default": "gateway/ding.api.litudai.com"}
2020/10/13 12:40:50	DEBUG	registry/consul_watcher.go:238		{"project": "", "default": "gateway/ding.api.litudai.com/paas.enums.list/enums"}
2020/10/13 12:41:56	INFO	registry/consul_watcher.go:117		{"project": "", "watcher": "gateway/ding.api.litudai.com/paas.enums.list/enums start success"}
2020/10/13 12:41:56	INFO	registry/consul_watcher.go:251		{"project": "", "watcherPool": "run success"}
2020/10/13 12:41:56	DEBUG	cmd/main1.go:14		{"project": "", "gateway/ding.api.litudai.com/paas.enums.list/enums": "delete", "default": ""}
2020/10/13 12:41:56	DEBUG	registry/consul_watcher.go:236		{"project": "", "not found": "gateway/gateway/ding.api.litudai.com/paas.enums.list/enums"}
2020/10/13 12:41:56	DEBUG	registry/consul_watcher.go:238		{"project": "", "default": "gateway/ding.api.litudai.com/paas.enums.list/enums"}
2020/10/13 12:51:25	INFO	registry/consul_watcher.go:269		{"project": "", "watcherPool": "run success"}
2020/10/13 12:51:25	INFO	registry/consul_watcher.go:134		{"project": "", "watcher": "ding.api.litudai.com/paas.enums.list/enums start success"}
2020/10/13 12:51:25	DEBUG	cmd/main1.go:14		{"project": "", "ding.api.litudai.com/paas.enums.list/enums": "delete", "default": ""}
2020/10/13 12:51:25	DEBUG	registry/consul_watcher.go:250		{"project": "", "default": "found"}
2020/10/13 12:51:25	DEBUG	registry/consul_watcher.go:207		{"project": "", "default": "stop"}
2020/10/13 12:51:25	INFO	registry/consul_watcher.go:130		{"project": "", "watcher": "ding.api.litudai.com/paas.enums.list/enums stop"}
2020/10/13 12:52:19	INFO	registry/consul_watcher.go:269		{"project": "", "watcherPool": "gateway", "default": "run success"}
2020/10/13 12:52:19	INFO	registry/consul_watcher.go:134		{"project": "", "watcher": "ding.api.litudai.com/paas.enums.list/enums start success"}
2020/10/13 12:52:19	DEBUG	cmd/main1.go:14		{"project": "", "ding.api.litudai.com/paas.enums.list/enums": "delete", "default": ""}
2020/10/13 12:52:19	DEBUG	registry/consul_watcher.go:250		{"project": "", "default": "found"}
2020/10/13 12:52:19	DEBUG	registry/consul_watcher.go:207		{"project": "", "default": "stop"}
2020/10/13 12:52:19	INFO	registry/consul_watcher.go:130		{"project": "", "watcher": "ding.api.litudai.com/paas.enums.list/enums stop"}
2020/10/13 12:53:15	INFO	registry/consul_watcher.go:266		{"project": "", "watcherPool": "gateway", "default": "run success"}
2020/10/13 12:53:15	INFO	registry/consul_watcher.go:134		{"project": "", "watcher": "ding.api.litudai.com/paas.enums.list/enums start success"}
2020/10/13 12:53:15	DEBUG	cmd/main1.go:14		{"project": "", "ding.api.litudai.com/paas.enums.list/enums": "delete", "default": ""}
2020/10/13 12:53:15	INFO	registry/consul_watcher.go:130		{"project": "", "watcher": "ding.api.litudai.com/paas.enums.list/enums stop"}
2020/10/13 12:53:46	INFO	registry/consul_watcher.go:266		{"project": "", "watcherPool": "gateway", "default": "run success"}
2020/10/13 12:53:46	INFO	registry/consul_watcher.go:134		{"project": "", "watcher": "ding.api.litudai.com/paas.enums.list/enums start success"}
2020/10/13 12:53:46	DEBUG	cmd/main1.go:14		{"project": "", "ding.api.litudai.com/paas.enums.list/enums": "create", "default": ""}
2020/10/13 12:53:46	INFO	registry/consul_watcher.go:130		{"project": "", "watcher": "ding.api.litudai.com/paas.enums.list/enums stop"}
2020/10/13 12:54:47	INFO	registry/consul_watcher.go:266		{"project": "", "watcherPool": "gateway", "default": "run success"}
2020/10/13 12:54:47	INFO	registry/consul_watcher.go:134		{"project": "", "watcher": "ding.api.litudai.com/paas.enums.list/enums start success"}
2020/10/13 12:54:47	INFO	registry/consul_watcher.go:130		{"project": "", "watcher": "ding.api.litudai.com/paas.enums.list/enums stop"}
2020/10/13 12:55:12	INFO	registry/consul_watcher.go:134		{"project": "", "watcher": "ding.api.litudai.com/paas.enums.list/enums start success"}
2020/10/13 12:55:12	INFO	registry/consul_watcher.go:266		{"project": "", "watcherPool": "gateway", "default": "run success"}
2020/10/13 12:55:12	DEBUG	cmd/main1.go:17		{"project": "", "ding.api.litudai.com/paas.enums.list/enums": "create", "default": ""}
2020/10/13 12:55:20	INFO	registry/consul_watcher.go:130		{"project": "", "watcher": "ding.api.litudai.com/paas.enums.list/enums stop"}
2020/10/13 12:55:50	INFO	registry/consul_watcher.go:266		{"project": "", "watcherPool": "gateway", "default": "run success"}
2020/10/13 12:55:50	INFO	registry/consul_watcher.go:134		{"project": "", "watcher": "ding.api.litudai.com/paas.enums.list/enums start success"}
2020/10/13 12:55:50	DEBUG	cmd/main1.go:17		{"project": "", "ding.api.litudai.com/paas.enums.list/enums": "create", "default": ""}
2020/10/13 12:56:01	DEBUG	cmd/main1.go:17		{"project": "", "ding.api.litudai.com/paas.enums.list/enums": "delete", "default": ""}
2020/10/13 12:56:11	DEBUG	cmd/main1.go:17		{"project": "", "ding.api.litudai.com/paas.enums.list/enums": "modify", "default": ""}
2020/10/13 12:57:14	INFO	registry/consul_watcher.go:135		{"project": "", "watcher": "ding.api.litudai.com/paas.enums.list/enums start success"}
2020/10/13 12:57:14	INFO	registry/consul_watcher.go:267		{"project": "", "watcherPool": "gateway", "default": "run success"}
2020/10/13 12:57:14	DEBUG	cmd/main1.go:17		{"project": "", "ding.api.litudai.com/paas.enums.list/enums": "create", "default": ""}
2020/10/13 12:57:23	DEBUG	cmd/main2.go:18		{"project": "", "ding.api.litudai.com/paas.enums.list/enums": "false"}
2020/10/13 12:57:23	DEBUG	cmd/main1.go:17		{"project": "", "ding.api.litudai.com/paas.enums.list/enums": "modify", "default": "fsdf"}
2020/10/13 12:57:23	DEBUG	cmd/main2.go:21		{"project": "", "ding.api.litudai.com/paas.enums.list/enums": "false"}
2020/10/13 12:57:31	DEBUG	cmd/main1.go:17		{"project": "", "ding.api.litudai.com/paas.enums.list/enums": "delete", "default": ""}
2020/10/13 12:57:42	DEBUG	cmd/main1.go:17		{"project": "", "ding.api.litudai.com/paas.enums.list/enums": "create", "default": ""}
2020/10/13 12:57:42	DEBUG	cmd/main2.go:21		{"project": "", "ding.api.litudai.com/paas.enums.list/enums": ""}
2020/10/13 12:57:42	DEBUG	cmd/main2.go:18		{"project": "", "ding.api.litudai.com/paas.enums.list/enums": ""}
2020/10/13 12:57:54	DEBUG	cmd/main1.go:17		{"project": "", "ding.api.litudai.com/paas.enums.list/enums": "modify", "default": "fsdaf"}
2020/10/13 12:57:54	DEBUG	cmd/main2.go:21		{"project": "", "ding.api.litudai.com/paas.enums.list/enums": "false"}
2020/10/13 12:57:54	DEBUG	cmd/main2.go:18		{"project": "", "ding.api.litudai.com/paas.enums.list/enums": "false"}
2020/10/13 12:58:05	DEBUG	cmd/main2.go:18		{"project": "", "ding.api.litudai.com/paas.enums.list/enums": "false"}
2020/10/13 12:58:05	DEBUG	cmd/main2.go:21		{"project": "", "ding.api.litudai.com/paas.enums.list/enums": "false"}
2020/10/13 12:58:05	DEBUG	cmd/main1.go:17		{"project": "", "ding.api.litudai.com/paas.enums.list/enums": "modify", "default": "fsdaffasdf"}
2020/10/13 12:59:43	INFO	registry/consul_watcher.go:216		{"project": "", "watcherPool": "gateway", "default": "run success"}
2020/10/13 12:59:43	INFO	registry/consul_watcher.go:129		{"project": "", "watcher": "ding.api.litudai.com/paas.enums.list/enums start success"}
2020/10/13 12:59:43	DEBUG	cmd/main1.go:17		{"project": "", "ding.api.litudai.com/paas.enums.list/enums": "create", "default": "fsdaffasdf"}
2020/10/13 13:03:46	INFO	registry/consul_watcher.go:216		{"project": "", "watcherPool": "gateway", "default": "run success"}
2020/10/13 13:03:46	INFO	registry/consul_watcher.go:129		{"project": "", "watcher": "ding.api.litudai.com/paas.enums.list/enums start success"}
2020/10/13 13:03:46	DEBUG	cmd/main1.go:17		{"project": "", "ding.api.litudai.com/paas.enums.list/enums": "create", "default": "fsdaffasdf"}
2020/10/13 13:06:21	INFO	registry/consul_watcher.go:216		{"project": "", "watcherPool": "gateway", "default": "run success"}
2020/10/13 13:06:21	INFO	registry/consul_watcher.go:129		{"project": "", "watcher": "ding.api.litudai.com/paas.enums.list/enums start success"}
2020/10/13 13:06:21	DEBUG	cmd/main1.go:17		{"project": "", "ding.api.litudai.com/paas.enums.list/enums": "create", "default": "fsdaffasdf"}
2020/10/17 12:28:28	INFO	server/server.go:101		{"project": "test_gokit", "default": "server listen: 192.168.1.10:6060"}
2020/10/17 12:28:29	INFO	server/server.go:152		{"project": "test_gokit", "default": "server stopped."}
2020/10/17 12:28:45	INFO	server/server.go:101		{"project": "test_gokit", "default": "server listen: 192.168.1.10:6060"}
2020/10/17 12:28:50	INFO	server/server.go:152		{"project": "test_gokit", "default": "server stopped."}
2020/10/17 12:29:13	INFO	server/server.go:101		{"project": "test_gokit", "default": "server listen: 192.168.1.10:6060"}
2020/10/17 12:29:15	INFO	server/server.go:152		{"project": "test_gokit", "default": "server stopped."}
2020/10/17 12:30:18	DEBUG	server/server.go:69		{"project": "test_gokit", "default": "fsdfsdf"}
2020/10/17 12:30:18	INFO	server/server.go:103		{"project": "test_gokit", "default": "server listen: 192.168.1.10:6060"}
2020/10/17 12:30:21	INFO	server/server.go:154		{"project": "test_gokit", "default": "server stopped."}
2020/10/17 12:30:34	DEBUG	server/server.go:69		{"project": "test_gokit", "method": "GetFullName"}
2020/10/17 12:30:34	INFO	server/server.go:103		{"project": "test_gokit", "default": "server listen: 192.168.1.10:6060"}
2020/10/17 13:01:20	INFO	server/server.go:154		{"project": "test_gokit", "default": "server stopped."}
2020/10/17 13:01:22	DEBUG	server/server.go:68		{"project": "test_gokit", "method": "GetFullName"}
2020/10/17 13:01:22	INFO	server/server.go:102		{"project": "test_gokit", "default": "server listen: 192.168.1.10:6060"}
2020/10/17 13:02:10	DEBUG	server/server.go:228		{"project": "test_gokit", "default": "走这里"}
2020/10/17 13:02:44	DEBUG	server/server.go:228		{"project": "test_gokit", "default": "走这里"}
2020/10/17 13:05:03	INFO	server/server.go:153		{"project": "test_gokit", "default": "server stopped."}
2020/10/17 13:05:05	DEBUG	server/server.go:68		{"project": "test_gokit", "method": "GetFullName"}
2020/10/17 13:05:05	INFO	server/server.go:102		{"project": "test_gokit", "default": "server listen: 192.168.1.10:6060"}
2020/10/17 13:05:57	INFO	server/server.go:153		{"project": "test_gokit", "default": "server stopped."}
2020/10/17 13:05:59	DEBUG	server/server.go:68		{"project": "test_gokit", "method": "GetFullName"}
2020/10/17 13:05:59	INFO	server/server.go:102		{"project": "test_gokit", "default": "server listen: 192.168.1.10:6060"}
2020/10/17 13:06:00	DEBUG	server/method.go:89		{"project": "test_gokit", "reqVal": "<*server.UploadFile Value>"}
2020/10/17 13:06:49	INFO	server/server.go:153		{"project": "test_gokit", "default": "server stopped."}
2020/10/17 13:06:51	DEBUG	server/server.go:68		{"project": "test_gokit", "method": "GetFullName"}
2020/10/17 13:06:51	INFO	server/server.go:102		{"project": "test_gokit", "default": "server listen: 192.168.1.10:6060"}
2020/10/17 13:06:53	DEBUG	server/method.go:83		{"project": "test_gokit", "req": "*server.UploadFile", "default": ""}
2020/10/17 13:15:00	INFO	server/server.go:153		{"project": "test_gokit", "default": "server stopped."}
2020/10/17 13:15:01	DEBUG	server/server.go:68		{"project": "test_gokit", "method": "GetFullName"}
2020/10/17 13:15:01	INFO	server/server.go:102		{"project": "test_gokit", "default": "server listen: 192.168.1.10:6060"}
2020/10/17 13:15:04	DEBUG	server/method.go:84		{"project": "test_gokit", "req": "*server.UploadFile", "default": ""}
2020/10/17 13:15:48	INFO	server/server.go:153		{"project": "test_gokit", "default": "server stopped."}
2020/10/17 13:15:50	DEBUG	server/server.go:68		{"project": "test_gokit", "method": "GetFullName"}
2020/10/17 13:15:50	INFO	server/server.go:102		{"project": "test_gokit", "default": "server listen: 192.168.1.10:6060"}
2020/10/17 13:15:52	DEBUG	server/method.go:84		{"project": "test_gokit", "req": "*server.UploadFile", "default": ""}
2020/10/17 13:15:54	INFO	server/server.go:153		{"project": "test_gokit", "default": "server stopped."}
2020/10/17 13:21:48	DEBUG	server/server.go:68		{"project": "test_gokit", "method": "GetFullName"}
2020/10/17 13:21:48	INFO	server/server.go:102		{"project": "test_gokit", "default": "server listen: 192.168.1.10:6060"}
2020/10/17 13:21:51	DEBUG	server/method.go:84		{"project": "test_gokit", "req": "*server.UploadFile", "default": ""}
2020/10/17 13:21:56	DEBUG	server/method.go:84		{"project": "test_gokit", "req": "*server.UploadFile", "default": ""}
2020/10/17 13:21:57	DEBUG	server/method.go:84		{"project": "test_gokit", "req": "*server.UploadFile", "default": ""}
2020/10/17 13:21:58	DEBUG	server/method.go:84		{"project": "test_gokit", "req": "*server.UploadFile", "default": ""}
2020/10/17 13:21:59	DEBUG	server/method.go:84		{"project": "test_gokit", "req": "*server.UploadFile", "default": ""}
2020/10/17 13:22:04	DEBUG	server/method.go:84		{"project": "test_gokit", "req": "*server.UploadFile", "default": ""}
2020/10/17 13:22:54	INFO	server/server.go:153		{"project": "test_gokit", "default": "server stopped."}
2020/10/17 13:23:01	DEBUG	server/server.go:68		{"project": "test_gokit", "method": "GetFullName"}
2020/10/17 13:23:01	INFO	server/server.go:102		{"project": "test_gokit", "default": "server listen: 192.168.1.10:6060"}
2020/10/17 13:23:03	DEBUG	server/method.go:84		{"project": "test_gokit", "req": "*server.UploadFile", "default": ""}
2020/10/17 13:23:47	INFO	server/server.go:153		{"project": "test_gokit", "default": "server stopped."}
2020/10/17 13:23:49	DEBUG	server/server.go:68		{"project": "test_gokit", "method": "GetFullName"}
2020/10/17 13:23:49	INFO	server/server.go:102		{"project": "test_gokit", "default": "server listen: 192.168.1.10:6060"}
2020/10/17 13:23:51	DEBUG	server/method.go:84		{"project": "test_gokit", "req": "*server.UploadFile", "default": ""}
2020/10/17 13:43:44	INFO	server/server.go:153		{"project": "test_gokit", "default": "server stopped."}
2020/10/17 13:43:47	INFO	server/server.go:138		{"project": "Test", "default": "register server success"}
2020/10/17 13:43:47	INFO	server/server.go:100		{"project": "Test", "default": "server listen: 192.168.1.10:6060"}
2020/10/19 10:42:22	INFO	server/server.go:147		{"project": "Test", "default": "deregister server success"}
2020/10/19 10:42:22	INFO	server/server.go:151		{"project": "Test", "default": "server stopped."}
